2023-05-02 16:30:21 0 [Note] InnoDB: Mutexes and rw_locks use Windows interlocked functions
2023-05-02 16:30:21 0 [Note] InnoDB: Uses event mutexes
2023-05-02 16:30:21 0 [Note] InnoDB: Compressed tables use zlib 1.2.12
2023-05-02 16:30:21 0 [Note] InnoDB: Number of pools: 1
2023-05-02 16:30:21 0 [Note] InnoDB: Using SSE2 crc32 instructions
2023-05-02 16:30:21 0 [Note] InnoDB: Initializing buffer pool, total size = 16M, instances = 1, chunk size = 16M
2023-05-02 16:30:21 0 [Note] InnoDB: Completed initialization of buffer pool
2023-05-02 16:30:22 0 [Note] InnoDB: Starting crash recovery from checkpoint LSN=300288
2023-05-02 16:30:22 0 [Note] InnoDB: 128 out of 128 rollback segments are active.
2023-05-02 16:30:22 0 [Note] InnoDB: Removed temporary tablespace data file: "ibtmp1"
2023-05-02 16:30:22 0 [Note] InnoDB: Creating shared tablespace for temporary tables
2023-05-02 16:30:22 0 [Note] InnoDB: Setting file 'C:\xampp\mysql\data\ibtmp1' size to 12 MB. Physically writing the file full; Please wait ...
2023-05-02 16:30:22 0 [Note] InnoDB: File 'C:\xampp\mysql\data\ibtmp1' size is now 12 MB.
2023-05-02 16:30:22 0 [Note] InnoDB: Waiting for purge to start
2023-05-02 16:30:22 0 [Note] InnoDB: 10.4.27 started; log sequence number 300297; transaction id 170
2023-05-02 16:30:22 0 [Note] InnoDB: Loading buffer pool(s) from C:\xampp\mysql\data\ib_buffer_pool
2023-05-02 16:30:22 0 [Note] Plugin 'FEEDBACK' is disabled.
2023-05-02 16:30:22 0 [Note] InnoDB: Buffer pool(s) load completed at 230502 16:30:22
2023-05-02 16:30:22 0 [Note] Server socket created on IP: '::'.
2023-05-03 15:59:33 0 [Note] InnoDB: Mutexes and rw_locks use Windows interlocked functions
2023-05-03 15:59:33 0 [Note] InnoDB: Uses event mutexes
2023-05-03 15:59:33 0 [Note] InnoDB: Compressed tables use zlib 1.2.12
2023-05-03 15:59:33 0 [Note] InnoDB: Number of pools: 1
2023-05-03 15:59:33 0 [Note] InnoDB: Using SSE2 crc32 instructions
2023-05-03 15:59:33 0 [Note] InnoDB: Initializing buffer pool, total size = 16M, instances = 1, chunk size = 16M
2023-05-03 15:59:33 0 [Note] InnoDB: Completed initialization of buffer pool
2023-05-03 15:59:33 0 [Note] InnoDB: Starting crash recovery from checkpoint LSN=314541
2023-05-03 15:59:33 0 [Note] InnoDB: 128 out of 128 rollback segments are active.
2023-05-03 15:59:33 0 [Note] InnoDB: Removed temporary tablespace data file: "ibtmp1"
2023-05-03 15:59:33 0 [Note] InnoDB: Creating shared tablespace for temporary tables
2023-05-03 15:59:33 0 [Note] InnoDB: Setting file 'C:\xampp\mysql\data\ibtmp1' size to 12 MB. Physically writing the file full; Please wait ...
2023-05-03 15:59:33 0 [Note] InnoDB: File 'C:\xampp\mysql\data\ibtmp1' size is now 12 MB.
2023-05-03 15:59:33 0 [Note] InnoDB: Waiting for purge to start
2023-05-03 15:59:33 0 [Note] InnoDB: 10.4.27 started; log sequence number 314550; transaction id 230
2023-05-03 15:59:33 0 [Note] InnoDB: Loading buffer pool(s) from C:\xampp\mysql\data\ib_buffer_pool
2023-05-03 15:59:33 0 [Note] Plugin 'FEEDBACK' is disabled.
2023-05-03 15:59:33 0 [Note] InnoDB: Buffer pool(s) load completed at 230503 15:59:33
2023-05-03 15:59:33 0 [Note] Server socket created on IP: '::'.
2023-05-03 16:01:17 0 [Note] InnoDB: Mutexes and rw_locks use Windows interlocked functions
2023-05-03 16:01:17 0 [Note] InnoDB: Uses event mutexes
2023-05-03 16:01:17 0 [Note] InnoDB: Compressed tables use zlib 1.2.12
2023-05-03 16:01:17 0 [Note] InnoDB: Number of pools: 1
2023-05-03 16:01:17 0 [Note] InnoDB: Using SSE2 crc32 instructions
2023-05-03 16:01:17 0 [Note] InnoDB: Initializing buffer pool, total size = 16M, instances = 1, chunk size = 16M
2023-05-03 16:01:17 0 [Note] InnoDB: Completed initialization of buffer pool
2023-05-03 16:01:17 0 [Note] InnoDB: Starting crash recovery from checkpoint LSN=314559
2023-05-03 16:01:17 0 [Note] InnoDB: 128 out of 128 rollback segments are active.
2023-05-03 16:01:17 0 [Note] InnoDB: Removed temporary tablespace data file: "ibtmp1"
2023-05-03 16:01:17 0 [Note] InnoDB: Creating shared tablespace for temporary tables
2023-05-03 16:01:17 0 [Note] InnoDB: Setting file 'C:\xampp\mysql\data\ibtmp1' size to 12 MB. Physically writing the file full; Please wait ...
2023-05-03 16:01:17 0 [Note] InnoDB: File 'C:\xampp\mysql\data\ibtmp1' size is now 12 MB.
2023-05-03 16:01:17 0 [Note] InnoDB: Waiting for purge to start
2023-05-03 16:01:17 0 [Note] InnoDB: 10.4.27 started; log sequence number 314568; transaction id 230
2023-05-03 16:01:17 0 [Note] InnoDB: Loading buffer pool(s) from C:\xampp\mysql\data\ib_buffer_pool
2023-05-03 16:01:17 0 [Note] Plugin 'FEEDBACK' is disabled.
2023-05-03 16:01:17 0 [Note] Server socket created on IP: '::'.
2023-05-09 16:01:28 0 [Note] InnoDB: Mutexes and rw_locks use Windows interlocked functions
2023-05-09 16:01:28 0 [Note] InnoDB: Uses event mutexes
2023-05-09 16:01:28 0 [Note] InnoDB: Compressed tables use zlib 1.2.12
2023-05-09 16:01:28 0 [Note] InnoDB: Number of pools: 1
2023-05-09 16:01:28 0 [Note] InnoDB: Using SSE2 crc32 instructions
2023-05-09 16:01:28 0 [Note] InnoDB: Initializing buffer pool, total size = 16M, instances = 1, chunk size = 16M
2023-05-09 16:01:28 0 [Note] InnoDB: Completed initialization of buffer pool
2023-05-09 16:01:28 0 [Note] InnoDB: Starting crash recovery from checkpoint LSN=328584
2023-05-09 16:01:28 0 [Note] InnoDB: 128 out of 128 rollback segments are active.
2023-05-09 16:01:28 0 [Note] InnoDB: Removed temporary tablespace data file: "ibtmp1"
2023-05-09 16:01:28 0 [Note] InnoDB: Creating shared tablespace for temporary tables
2023-05-09 16:01:28 0 [Note] InnoDB: Setting file 'C:\xampp\mysql\data\ibtmp1' size to 12 MB. Physically writing the file full; Please wait ...
2023-05-09 16:01:28 0 [Note] InnoDB: File 'C:\xampp\mysql\data\ibtmp1' size is now 12 MB.
2023-05-09 16:01:28 0 [Note] InnoDB: Waiting for purge to start
2023-05-09 16:01:28 0 [Note] InnoDB: 10.4.27 started; log sequence number 328593; transaction id 277
2023-05-09 16:01:28 0 [Note] InnoDB: Loading buffer pool(s) from C:\xampp\mysql\data\ib_buffer_pool
2023-05-09 16:01:28 0 [Note] Plugin 'FEEDBACK' is disabled.
2023-05-09 16:01:28 0 [Note] InnoDB: Buffer pool(s) load completed at 230509 16:01:28
2023-05-09 16:01:28 0 [Note] Server socket created on IP: '::'.
2023-05-16 15:49:16 0 [Note] InnoDB: Mutexes and rw_locks use Windows interlocked functions
2023-05-16 15:49:16 0 [Note] InnoDB: Uses event mutexes
2023-05-16 15:49:16 0 [Note] InnoDB: Compressed tables use zlib 1.2.12
2023-05-16 15:49:16 0 [Note] InnoDB: Number of pools: 1
2023-05-16 15:49:16 0 [Note] InnoDB: Using SSE2 crc32 instructions
2023-05-16 15:49:16 0 [Note] InnoDB: Initializing buffer pool, total size = 16M, instances = 1, chunk size = 16M
2023-05-16 15:49:16 0 [Note] InnoDB: Completed initialization of buffer pool
2023-05-16 15:49:16 0 [Note] InnoDB: Starting crash recovery from checkpoint LSN=350048
2023-05-16 15:49:16 0 [Note] InnoDB: 128 out of 128 rollback segments are active.
2023-05-16 15:49:16 0 [Note] InnoDB: Removed temporary tablespace data file: "ibtmp1"
2023-05-16 15:49:16 0 [Note] InnoDB: Creating shared tablespace for temporary tables
2023-05-16 15:49:16 0 [Note] InnoDB: Setting file 'C:\xampp\mysql\data\ibtmp1' size to 12 MB. Physically writing the file full; Please wait ...
2023-05-16 15:49:16 0 [Note] InnoDB: File 'C:\xampp\mysql\data\ibtmp1' size is now 12 MB.
2023-05-16 15:49:16 0 [Note] InnoDB: Waiting for purge to start
2023-05-16 15:49:16 0 [Note] InnoDB: 10.4.27 started; log sequence number 350057; transaction id 345
2023-05-16 15:49:16 0 [Note] InnoDB: Loading buffer pool(s) from C:\xampp\mysql\data\ib_buffer_pool
2023-05-16 15:49:16 0 [Note] Plugin 'FEEDBACK' is disabled.
2023-05-16 15:49:16 0 [Note] InnoDB: Buffer pool(s) load completed at 230516 15:49:16
2023-05-16 15:49:16 0 [Note] Server socket created on IP: '::'.
2023-05-16 16:09:05 0 [Note] InnoDB: Mutexes and rw_locks use Windows interlocked functions
2023-05-16 16:09:05 0 [Note] InnoDB: Uses event mutexes
2023-05-16 16:09:05 0 [Note] InnoDB: Compressed tables use zlib 1.2.12
2023-05-16 16:09:05 0 [Note] InnoDB: Number of pools: 1
2023-05-16 16:09:05 0 [Note] InnoDB: Using SSE2 crc32 instructions
2023-05-16 16:09:05 0 [Note] InnoDB: Initializing buffer pool, total size = 16M, instances = 1, chunk size = 16M
2023-05-16 16:09:05 0 [Note] InnoDB: Completed initialization of buffer pool
2023-05-16 16:09:05 0 [Note] InnoDB: Starting crash recovery from checkpoint LSN=350048
2023-05-16 16:09:05 0 [Note] InnoDB: 128 out of 128 rollback segments are active.
2023-05-16 16:09:05 0 [Note] InnoDB: Removed temporary tablespace data file: "ibtmp1"
2023-05-16 16:09:05 0 [Note] InnoDB: Creating shared tablespace for temporary tables
2023-05-16 16:09:05 0 [Note] InnoDB: Setting file 'C:\xampp\mysql\data\ibtmp1' size to 12 MB. Physically writing the file full; Please wait ...
2023-05-16 16:09:05 0 [Note] InnoDB: File 'C:\xampp\mysql\data\ibtmp1' size is now 12 MB.
2023-05-16 16:09:05 0 [Note] InnoDB: Waiting for purge to start
2023-05-16 16:09:05 0 [Note] InnoDB: 10.4.27 started; log sequence number 350057; transaction id 345
2023-05-16 16:09:05 0 [Note] InnoDB: Loading buffer pool(s) from C:\xampp\mysql\data\ib_buffer_pool
2023-05-16 16:09:05 0 [Note] Plugin 'FEEDBACK' is disabled.
2023-05-16 16:09:05 0 [Note] InnoDB: Buffer pool(s) load completed at 230516 16:09:05
2023-05-16 16:09:05 0 [Note] Server socket created on IP: '::'.
2023-05-23 15:40:29 0 [Note] InnoDB: Mutexes and rw_locks use Windows interlocked functions
2023-05-23 15:40:29 0 [Note] InnoDB: Uses event mutexes
2023-05-23 15:40:29 0 [Note] InnoDB: Compressed tables use zlib 1.2.12
2023-05-23 15:40:29 0 [Note] InnoDB: Number of pools: 1
2023-05-23 15:40:29 0 [Note] InnoDB: Using SSE2 crc32 instructions
2023-05-23 15:40:29 0 [Note] InnoDB: Initializing buffer pool, total size = 16M, instances = 1, chunk size = 16M
2023-05-23 15:40:29 0 [Note] InnoDB: Completed initialization of buffer pool
2023-05-23 15:40:29 0 [Note] InnoDB: Starting crash recovery from checkpoint LSN=363859
2023-05-23 15:40:29 0 [Note] InnoDB: 128 out of 128 rollback segments are active.
2023-05-23 15:40:29 0 [Note] InnoDB: Removed temporary tablespace data file: "ibtmp1"
2023-05-23 15:40:29 0 [Note] InnoDB: Creating shared tablespace for temporary tables
2023-05-23 15:40:29 0 [Note] InnoDB: Setting file 'C:\xampp\mysql\data\ibtmp1' size to 12 MB. Physically writing the file full; Please wait ...
2023-05-23 15:40:29 0 [Note] InnoDB: File 'C:\xampp\mysql\data\ibtmp1' size is now 12 MB.
2023-05-23 15:40:29 0 [Note] InnoDB: Waiting for purge to start
2023-05-23 15:40:29 0 [Note] InnoDB: 10.4.27 started; log sequence number 363868; transaction id 384
2023-05-23 15:40:29 0 [Note] InnoDB: Loading buffer pool(s) from C:\xampp\mysql\data\ib_buffer_pool
2023-05-23 15:40:29 0 [Note] Plugin 'FEEDBACK' is disabled.
2023-05-23 15:40:29 0 [Note] InnoDB: Buffer pool(s) load completed at 230523 15:40:29
2023-05-23 15:40:29 0 [Note] Server socket created on IP: '::'.
2023-05-23 18:23:07 0 [Note] InnoDB: Mutexes and rw_locks use Windows interlocked functions
2023-05-23 18:23:07 0 [Note] InnoDB: Uses event mutexes
2023-05-23 18:23:07 0 [Note] InnoDB: Compressed tables use zlib 1.2.12
2023-05-23 18:23:07 0 [Note] InnoDB: Number of pools: 1
2023-05-23 18:23:07 0 [Note] InnoDB: Using SSE2 crc32 instructions
2023-05-23 18:23:07 0 [Note] InnoDB: Initializing buffer pool, total size = 16M, instances = 1, chunk size = 16M
2023-05-23 18:23:07 0 [Note] InnoDB: Completed initialization of buffer pool
2023-05-23 18:23:07 0 [Note] InnoDB: Starting crash recovery from checkpoint LSN=381313
2023-05-23 18:23:07 0 [Note] InnoDB: 128 out of 128 rollback segments are active.
2023-05-23 18:23:07 0 [Note] InnoDB: Removed temporary tablespace data file: "ibtmp1"
2023-05-23 18:23:07 0 [Note] InnoDB: Creating shared tablespace for temporary tables
2023-05-23 18:23:07 0 [Note] InnoDB: Setting file 'C:\xampp\mysql\data\ibtmp1' size to 12 MB. Physically writing the file full; Please wait ...
2023-05-23 18:23:07 0 [Note] InnoDB: File 'C:\xampp\mysql\data\ibtmp1' size is now 12 MB.
2023-05-23 18:23:07 0 [Note] InnoDB: Waiting for purge to start
2023-05-23 18:23:07 0 [Note] InnoDB: 10.4.27 started; log sequence number 381322; transaction id 442
2023-05-23 18:23:07 0 [Note] InnoDB: Loading buffer pool(s) from C:\xampp\mysql\data\ib_buffer_pool
2023-05-23 18:23:07 0 [Note] Plugin 'FEEDBACK' is disabled.
2023-05-23 18:23:07 0 [Note] InnoDB: Buffer pool(s) load completed at 230523 18:23:07
2023-05-23 18:23:07 0 [Note] Server socket created on IP: '::'.
2023-05-25 22:06:07 0 [Note] InnoDB: Mutexes and rw_locks use Windows interlocked functions
2023-05-25 22:06:07 0 [Note] InnoDB: Uses event mutexes
2023-05-25 22:06:07 0 [Note] InnoDB: Compressed tables use zlib 1.2.12
2023-05-25 22:06:07 0 [Note] InnoDB: Number of pools: 1
2023-05-25 22:06:07 0 [Note] InnoDB: Using SSE2 crc32 instructions
2023-05-25 22:06:07 0 [Note] InnoDB: Initializing buffer pool, total size = 16M, instances = 1, chunk size = 16M
2023-05-25 22:06:07 0 [Note] InnoDB: Completed initialization of buffer pool
2023-05-25 22:06:07 0 [Note] InnoDB: Starting crash recovery from checkpoint LSN=443811
2023-05-25 22:06:07 0 [Note] InnoDB: 128 out of 128 rollback segments are active.
2023-05-25 22:06:07 0 [Note] InnoDB: Removed temporary tablespace data file: "ibtmp1"
2023-05-25 22:06:07 0 [Note] InnoDB: Creating shared tablespace for temporary tables
2023-05-25 22:06:07 0 [Note] InnoDB: Setting file 'C:\xampp\mysql\data\ibtmp1' size to 12 MB. Physically writing the file full; Please wait ...
2023-05-25 22:06:07 0 [Note] InnoDB: File 'C:\xampp\mysql\data\ibtmp1' size is now 12 MB.
2023-05-25 22:06:07 0 [Note] InnoDB: Waiting for purge to start
2023-05-25 22:06:07 0 [Note] InnoDB: 10.4.27 started; log sequence number 443820; transaction id 593
2023-05-25 22:06:07 0 [Note] Plugin 'FEEDBACK' is disabled.
2023-05-25 22:06:07 0 [Note] InnoDB: Loading buffer pool(s) from C:\xampp\mysql\data\ib_buffer_pool
2023-05-25 22:06:07 0 [Note] InnoDB: Buffer pool(s) load completed at 230525 22:06:07
2023-05-25 22:06:07 0 [Note] Server socket created on IP: '::'.
2023-05-28 14:23:43 0 [Note] InnoDB: Mutexes and rw_locks use Windows interlocked functions
2023-05-28 14:23:43 0 [Note] InnoDB: Uses event mutexes
2023-05-28 14:23:43 0 [Note] InnoDB: Compressed tables use zlib 1.2.12
2023-05-28 14:23:43 0 [Note] InnoDB: Number of pools: 1
2023-05-28 14:23:43 0 [Note] InnoDB: Using SSE2 crc32 instructions
2023-05-28 14:23:43 0 [Note] InnoDB: Initializing buffer pool, total size = 16M, instances = 1, chunk size = 16M
2023-05-28 14:23:43 0 [Note] InnoDB: Completed initialization of buffer pool
2023-05-28 14:23:43 0 [Note] InnoDB: Starting crash recovery from checkpoint LSN=443829
2023-05-28 14:23:43 0 [Note] InnoDB: 128 out of 128 rollback segments are active.
2023-05-28 14:23:43 0 [Note] InnoDB: Removed temporary tablespace data file: "ibtmp1"
2023-05-28 14:23:43 0 [Note] InnoDB: Creating shared tablespace for temporary tables
2023-05-28 14:23:43 0 [Note] InnoDB: Setting file 'C:\xampp\mysql\data\ibtmp1' size to 12 MB. Physically writing the file full; Please wait ...
2023-05-28 14:23:43 0 [Note] InnoDB: File 'C:\xampp\mysql\data\ibtmp1' size is now 12 MB.
2023-05-28 14:23:43 0 [Note] InnoDB: Waiting for purge to start
2023-05-28 14:23:43 0 [Note] InnoDB: 10.4.27 started; log sequence number 443838; transaction id 593
2023-05-28 14:23:43 0 [Note] Plugin 'FEEDBACK' is disabled.
2023-05-28 14:23:43 0 [Note] InnoDB: Loading buffer pool(s) from C:\xampp\mysql\data\ib_buffer_pool
2023-05-28 14:23:43 0 [Note] InnoDB: Buffer pool(s) load completed at 230528 14:23:43
2023-05-28 14:23:43 0 [Note] Server socket created on IP: '::'.
2023-06-02 12:07:09 0 [Note] InnoDB: Mutexes and rw_locks use Windows interlocked functions
2023-06-02 12:07:09 0 [Note] InnoDB: Uses event mutexes
2023-06-02 12:07:09 0 [Note] InnoDB: Compressed tables use zlib 1.2.12
2023-06-02 12:07:09 0 [Note] InnoDB: Number of pools: 1
2023-06-02 12:07:09 0 [Note] InnoDB: Using SSE2 crc32 instructions
2023-06-02 12:07:09 0 [Note] InnoDB: Initializing buffer pool, total size = 16M, instances = 1, chunk size = 16M
2023-06-02 12:07:09 0 [Note] InnoDB: Completed initialization of buffer pool
2023-06-02 12:07:09 0 [Note] InnoDB: Starting crash recovery from checkpoint LSN=496363
2023-06-02 12:07:10 0 [Note] InnoDB: 128 out of 128 rollback segments are active.
2023-06-02 12:07:10 0 [Note] InnoDB: Removed temporary tablespace data file: "ibtmp1"
2023-06-02 12:07:10 0 [Note] InnoDB: Creating shared tablespace for temporary tables
2023-06-02 12:07:10 0 [Note] InnoDB: Setting file 'C:\xampp\mysql\data\ibtmp1' size to 12 MB. Physically writing the file full; Please wait ...
2023-06-02 12:07:10 0 [Note] InnoDB: File 'C:\xampp\mysql\data\ibtmp1' size is now 12 MB.
2023-06-02 12:07:10 0 [Note] InnoDB: Waiting for purge to start
2023-06-02 12:07:10 0 [Note] InnoDB: 10.4.27 started; log sequence number 496372; transaction id 713
2023-06-02 12:07:10 0 [Note] InnoDB: Loading buffer pool(s) from C:\xampp\mysql\data\ib_buffer_pool
2023-06-02 12:07:10 0 [Note] Plugin 'FEEDBACK' is disabled.
2023-06-02 12:07:10 0 [Note] InnoDB: Buffer pool(s) load completed at 230602 12:07:10
2023-06-02 12:07:10 0 [Note] Server socket created on IP: '::'.
2023-06-13 12:33:22 0 [Note] InnoDB: Mutexes and rw_locks use Windows interlocked functions
2023-06-13 12:33:22 0 [Note] InnoDB: Uses event mutexes
2023-06-13 12:33:22 0 [Note] InnoDB: Compressed tables use zlib 1.2.12
2023-06-13 12:33:22 0 [Note] InnoDB: Number of pools: 1
2023-06-13 12:33:22 0 [Note] InnoDB: Using SSE2 crc32 instructions
2023-06-13 12:33:22 0 [Note] InnoDB: Initializing buffer pool, total size = 16M, instances = 1, chunk size = 16M
2023-06-13 12:33:22 0 [Note] InnoDB: Completed initialization of buffer pool
2023-06-13 12:33:22 0 [Note] InnoDB: Starting crash recovery from checkpoint LSN=530420
2023-06-13 12:33:22 0 [Note] InnoDB: 128 out of 128 rollback segments are active.
2023-06-13 12:33:22 0 [Note] InnoDB: Removed temporary tablespace data file: "ibtmp1"
2023-06-13 12:33:22 0 [Note] InnoDB: Creating shared tablespace for temporary tables
2023-06-13 12:33:22 0 [Note] InnoDB: Setting file 'C:\xampp\mysql\data\ibtmp1' size to 12 MB. Physically writing the file full; Please wait ...
2023-06-13 12:33:22 0 [Note] InnoDB: File 'C:\xampp\mysql\data\ibtmp1' size is now 12 MB.
2023-06-13 12:33:22 0 [Note] InnoDB: Waiting for purge to start
2023-06-13 12:33:22 0 [Note] InnoDB: 10.4.27 started; log sequence number 530445; transaction id 802
2023-06-13 12:33:22 0 [Note] InnoDB: Loading buffer pool(s) from C:\xampp\mysql\data\ib_buffer_pool
2023-06-13 12:33:22 0 [Note] Plugin 'FEEDBACK' is disabled.
2023-06-13 12:33:22 0 [Note] InnoDB: Buffer pool(s) load completed at 230613 12:33:22
2023-06-13 12:33:22 0 [Note] Server socket created on IP: '::'.
2023-06-15 13:00:17 0 [Note] InnoDB: Mutexes and rw_locks use Windows interlocked functions
2023-06-15 13:00:17 0 [Note] InnoDB: Uses event mutexes
2023-06-15 13:00:17 0 [Note] InnoDB: Compressed tables use zlib 1.2.12
2023-06-15 13:00:17 0 [Note] InnoDB: Number of pools: 1
2023-06-15 13:00:17 0 [Note] InnoDB: Using SSE2 crc32 instructions
2023-06-15 13:00:17 0 [Note] InnoDB: Initializing buffer pool, total size = 16M, instances = 1, chunk size = 16M
2023-06-15 13:00:17 0 [Note] InnoDB: Completed initialization of buffer pool
2023-06-15 13:00:17 0 [Note] InnoDB: Starting crash recovery from checkpoint LSN=548220
2023-06-15 13:00:18 0 [Note] InnoDB: 128 out of 128 rollback segments are active.
2023-06-15 13:00:18 0 [Note] InnoDB: Removed temporary tablespace data file: "ibtmp1"
2023-06-15 13:00:18 0 [Note] InnoDB: Creating shared tablespace for temporary tables
2023-06-15 13:00:18 0 [Note] InnoDB: Setting file 'C:\xampp\mysql\data\ibtmp1' size to 12 MB. Physically writing the file full; Please wait ...
2023-06-15 13:00:18 0 [Note] InnoDB: File 'C:\xampp\mysql\data\ibtmp1' size is now 12 MB.
2023-06-15 13:00:18 0 [Note] InnoDB: Waiting for purge to start
2023-06-15 13:00:18 0 [Note] InnoDB: 10.4.27 started; log sequence number 548229; transaction id 852
2023-06-15 13:00:18 0 [Note] InnoDB: Loading buffer pool(s) from C:\xampp\mysql\data\ib_buffer_pool
2023-06-15 13:00:18 0 [Note] Plugin 'FEEDBACK' is disabled.
2023-06-15 13:00:18 0 [Note] InnoDB: Buffer pool(s) load completed at 230615 13:00:18
2023-06-15 13:00:18 0 [Note] Server socket created on IP: '::'.
2023-06-15 13:00:18 0x8a24  InnoDB: Assertion failure in file D:\winx64-packages\build\src\storage\innobase\os\os0file.cc line 6154
InnoDB: Failing assertion: slot
2023-06-15 13:00:18 0x2ae0  InnoDB: Assertion failure in file D:\winx64-packages\build\src\storage\innobase\os\os0file.cc line 6154
InnoDB: Failing assertion: slot
InnoDB: We intentionally generate a memory trap.
InnoDB: Submit a detailed bug report to https://jira.mariadb.org/
InnoDB: If you get repeated assertion failures or crashes, even
InnoDB: immediately after the mysqld startup, there may be
InnoDB: corruption in the InnoDB tablespace. Please refer to
InnoDB: https://mariadb.com/kb/en/library/innodb-recovery-modes/
InnoDB: about forcing recovery.
2023-06-15 13:00:18 0x8160  InnoDB: Assertion failure in file D:\winx64-packages\build\src\storage\innobase\os\os0file.cc line 6154
InnoDB: Failing assertion: slot
InnoDB: We intentionally generate a memory trap.
InnoDB: Submit a detailed bug report to https://jira.mariadb.org/
InnoDB: If you get repeated assertion failures or crashes, even
InnoDB: immediately after the mysqld startup, there may be
InnoDB: corruption in the InnoDB tablespace. Please refer to
InnoDB: https://mariadb.com/kb/en/library/innodb-recovery-modes/
InnoDB: about forcing recovery.
2022023-06-15 13:00:21 0 [Note] InnoDB: Mutexes and rw_locks use Windows interlocked functions
2023-06-15 13:00:21 0 [Note] InnoDB: Uses event mutexes
2023-06-15 13:00:21 0 [Note] InnoDB: Compressed tables use zlib 1.2.12
2023-06-15 13:00:21 0 [Note] InnoDB: Number of pools: 1
2023-06-15 13:00:21 0 [Note] InnoDB: Using SSE2 crc32 instructions
2023-06-15 13:00:21 0 [Note] InnoDB: Initializing buffer pool, total size = 16M, instances = 1, chunk size = 16M
2023-06-15 13:00:21 0 [Note] InnoDB: Completed initialization of buffer pool
2023-06-15 13:00:21 0 [Note] InnoDB: Starting crash recovery from checkpoint LSN=548220
2023-06-15 13:00:21 0 [Note] InnoDB: 128 out of 128 rollback segments are active.
2023-06-15 13:00:21 0 [Note] InnoDB: Removed temporary tablespace data file: "ibtmp1"
2023-06-15 13:00:21 0 [Note] InnoDB: Creating shared tablespace for temporary tables
2023-06-15 13:00:21 0 [Note] InnoDB: Setting file 'C:\xampp\mysql\data\ibtmp1' size to 12 MB. Physically writing the file full; Please wait ...
2023-06-15 13:00:21 0 [Note] InnoDB: File 'C:\xampp\mysql\data\ibtmp1' size is now 12 MB.
2023-06-15 13:00:21 0 [Note] InnoDB: Waiting for purge to start
2023-06-15 13:00:21 0 [Note] InnoDB: 10.4.27 started; log sequence number 548229; transaction id 852
2023-06-15 13:00:21 0 [Note] InnoDB: Loading buffer pool(s) from C:\xampp\mysql\data\ib_buffer_pool
2023-06-15 13:00:21 0 [Note] Plugin 'FEEDBACK' is disabled.
2023-06-15 13:00:21 0 [Note] Server socket created on IP: '::'.
2023-06-15 13:29:10 0 [Note] InnoDB: Mutexes and rw_locks use Windows interlocked functions
2023-06-15 13:29:10 0 [Note] InnoDB: Uses event mutexes
2023-06-15 13:29:10 0 [Note] InnoDB: Compressed tables use zlib 1.2.12
2023-06-15 13:29:10 0 [Note] InnoDB: Number of pools: 1
2023-06-15 13:29:10 0 [Note] InnoDB: Using SSE2 crc32 instructions
2023-06-15 13:29:10 0 [Note] InnoDB: Initializing buffer pool, total size = 16M, instances = 1, chunk size = 16M
2023-06-15 13:29:10 0 [Note] InnoDB: Completed initialization of buffer pool
2023-06-15 13:29:10 0 [Note] InnoDB: Starting crash recovery from checkpoint LSN=548238
2023-06-15 13:29:10 0 [Note] InnoDB: 128 out of 128 rollback segments are active.
2023-06-15 13:29:10 0 [Note] InnoDB: Removed temporary tablespace data file: "ibtmp1"
2023-06-15 13:29:10 0 [Note] InnoDB: Creating shared tablespace for temporary tables
2023-06-15 13:29:10 0 [Note] InnoDB: Setting file 'C:\xampp\mysql\data\ibtmp1' size to 12 MB. Physically writing the file full; Please wait ...
2023-06-15 13:29:10 0 [Note] InnoDB: File 'C:\xampp\mysql\data\ibtmp1' size is now 12 MB.
2023-06-15 13:29:10 0 [Note] InnoDB: Waiting for purge to start
2023-06-15 13:29:10 0 [Note] InnoDB: 10.4.27 started; log sequence number 548247; transaction id 852
2023-06-15 13:29:10 0 [Note] InnoDB: Loading buffer pool(s) from C:\xampp\mysql\data\ib_buffer_pool
2023-06-15 13:29:10 0 [Note] Plugin 'FEEDBACK' is disabled.
2023-06-15 13:29:10 0 [Note] Server socket created on IP: '::'.
2023-06-15 14:07:24 0 [Note] InnoDB: Mutexes and rw_locks use Windows interlocked functions
2023-06-15 14:07:24 0 [Note] InnoDB: Uses event mutexes
2023-06-15 14:07:24 0 [Note] InnoDB: Compressed tables use zlib 1.2.12
2023-06-15 14:07:24 0 [Note] InnoDB: Number of pools: 1
2023-06-15 14:07:24 0 [Note] InnoDB: Using SSE2 crc32 instructions
2023-06-15 14:07:24 0 [Note] InnoDB: Initializing buffer pool, total size = 16M, instances = 1, chunk size = 16M
2023-06-15 14:07:24 0 [Note] InnoDB: Completed initialization of buffer pool
2023-06-15 14:07:24 0 [Note] InnoDB: Starting crash recovery from checkpoint LSN=548256
2023-06-15 14:07:25 0 [Note] InnoDB: 128 out of 128 rollback segments are active.
2023-06-15 14:07:25 0 [Note] InnoDB: Removed temporary tablespace data file: "ibtmp1"
2023-06-15 14:07:25 0 [Note] InnoDB: Creating shared tablespace for temporary tables
2023-06-15 14:07:25 0 [Note] InnoDB: Setting file 'C:\xampp\mysql\data\ibtmp1' size to 12 MB. Physically writing the file full; Please wait ...
2023-06-15 14:07:25 0 [Note] InnoDB: File 'C:\xampp\mysql\data\ibtmp1' size is now 12 MB.
2023-06-15 14:07:25 0 [Note] InnoDB: Waiting for purge to start
2023-06-15 14:07:25 0 [Note] InnoDB: 10.4.27 started; log sequence number 548265; transaction id 852
2023-06-15 14:07:25 0 [Note] InnoDB: Loading buffer pool(s) from C:\xampp\mysql\data\ib_buffer_pool
2023-06-15 14:07:25 0 [Note] Plugin 'FEEDBACK' is disabled.
2023-06-15 14:07:25 0 [Note] Server socket created on IP: '::'.
2023-07-14 22:36:24 0 [Note] InnoDB: Mutexes and rw_locks use Windows interlocked functions
2023-07-14 22:36:24 0 [Note] InnoDB: Uses event mutexes
2023-07-14 22:36:24 0 [Note] InnoDB: Compressed tables use zlib 1.2.12
2023-07-14 22:36:24 0 [Note] InnoDB: Number of pools: 1
2023-07-14 22:36:24 0 [Note] InnoDB: Using SSE2 crc32 instructions
2023-07-14 22:36:24 0 [Note] InnoDB: Initializing buffer pool, total size = 16M, instances = 1, chunk size = 16M
2023-07-14 22:36:24 0 [Note] InnoDB: Completed initialization of buffer pool
2023-07-14 22:36:24 0 [Note] InnoDB: Starting crash recovery from checkpoint LSN=933142
2023-07-14 22:36:24 0 [Note] InnoDB: 128 out of 128 rollback segments are active.
2023-07-14 22:36:24 0 [Note] InnoDB: Removed temporary tablespace data file: "ibtmp1"
2023-07-14 22:36:24 0 [Note] InnoDB: Creating shared tablespace for temporary tables
2023-07-14 22:36:24 0 [Note] InnoDB: Setting file 'C:\xampp\mysql\data\ibtmp1' size to 12 MB. Physically writing the file full; Please wait ...
2023-07-14 22:36:24 0 [Note] InnoDB: File 'C:\xampp\mysql\data\ibtmp1' size is now 12 MB.
2023-07-14 22:36:24 0 [Note] InnoDB: Waiting for purge to start
2023-07-14 22:36:25 0 [Note] InnoDB: 10.4.27 started; log sequence number 933151; transaction id 1735
2023-07-14 22:36:25 0 [Note] InnoDB: Loading buffer pool(s) from C:\xampp\mysql\data\ib_buffer_pool
2023-07-14 22:36:25 0 [Note] Plugin 'FEEDBACK' is disabled.
2023-07-14 22:36:25 0 [Note] InnoDB: Buffer pool(s) load completed at 230714 22:36:25
2023-07-14 22:36:25 0 [Note] Server socket created on IP: '::'.
2023-07-14 22:36:30 0 [Note] InnoDB: Mutexes and rw_locks use Windows interlocked functions
2023-07-14 22:36:30 0 [Note] InnoDB: Uses event mutexes
2023-07-14 22:36:30 0 [Note] InnoDB: Compressed tables use zlib 1.2.12
2023-07-14 22:36:30 0 [Note] InnoDB: Number of pools: 1
2023-07-14 22:36:30 0 [Note] InnoDB: Using SSE2 crc32 instructions
2023-07-14 22:36:30 0 [Note] InnoDB: Initializing buffer pool, total size = 16M, instances = 1, chunk size = 16M
2023-07-14 22:36:30 0 [Note] InnoDB: Completed initialization of buffer pool
2023-07-14 22:36:30 0 [Note] InnoDB: Starting crash recovery from checkpoint LSN=933142
2023-07-14 22:36:30 0 [Note] InnoDB: 128 out of 128 rollback segments are active.
2023-07-14 22:36:30 0 [Note] InnoDB: Removed temporary tablespace data file: "ibtmp1"
2023-07-14 22:36:30 0 [Note] InnoDB: Creating shared tablespace for temporary tables
2023-07-14 22:36:30 0 [Note] InnoDB: Setting file 'C:\xampp\mysql\data\ibtmp1' size to 12 MB. Physically writing the file full; Please wait ...
2023-07-14 22:36:30 0 [Note] InnoDB: File 'C:\xampp\mysql\data\ibtmp1' size is now 12 MB.
2023-07-14 22:36:30 0 [Note] InnoDB: Waiting for purge to start
2023-07-14 22:36:30 0 [Note] InnoDB: 10.4.27 started; log sequence number 933151; transaction id 1735
2023-07-14 22:36:30 0 [Note] InnoDB: Loading buffer pool(s) from C:\xampp\mysql\data\ib_buffer_pool
2023-07-14 22:36:30 0 [Note] Plugin 'FEEDBACK' is disabled.
2023-07-14 22:36:30 0 [Note] Server socket created on IP: '::'.
2023-07-16  0:53:48 0 [Note] InnoDB: Mutexes and rw_locks use Windows interlocked functions
2023-07-16  0:53:48 0 [Note] InnoDB: Uses event mutexes
2023-07-16  0:53:48 0 [Note] InnoDB: Compressed tables use zlib 1.2.12
2023-07-16  0:53:48 0 [Note] InnoDB: Number of pools: 1
2023-07-16  0:53:48 0 [Note] InnoDB: Using SSE2 crc32 instructions
2023-07-16  0:53:48 0 [Note] InnoDB: Initializing buffer pool, total size = 16M, instances = 1, chunk size = 16M
2023-07-16  0:53:48 0 [Note] InnoDB: Completed initialization of buffer pool
2023-07-16  0:53:48 0 [Note] InnoDB: Starting crash recovery from checkpoint LSN=933160
2023-07-16  0:53:49 0 [Note] InnoDB: 128 out of 128 rollback segments are active.
2023-07-16  0:53:49 0 [Note] InnoDB: Removed temporary tablespace data file: "ibtmp1"
2023-07-16  0:53:49 0 [Note] InnoDB: Creating shared tablespace for temporary tables
2023-07-16  0:53:49 0 [Note] InnoDB: Setting file 'C:\xampp\mysql\data\ibtmp1' size to 12 MB. Physically writing the file full; Please wait ...
2023-07-16  0:53:49 0 [Note] InnoDB: File 'C:\xampp\mysql\data\ibtmp1' size is now 12 MB.
2023-07-16  0:53:49 0 [Note] InnoDB: Waiting for purge to start
2023-07-16  0:53:49 0 [Note] InnoDB: 10.4.27 started; log sequence number 933169; transaction id 1735
2023-07-16  0:53:49 0 [Note] InnoDB: Loading buffer pool(s) from C:\xampp\mysql\data\ib_buffer_pool
2023-07-16  0:53:49 0 [Note] Plugin 'FEEDBACK' is disabled.
2023-07-16  0:53:49 0 [Note] InnoDB: Buffer pool(s) load completed at 230716  0:53:49
2023-07-16  0:53:49 0 [Note] Server socket created on IP: '::'.
2023-07-22 17:08:18 0 [Note] InnoDB: Mutexes and rw_locks use Windows interlocked functions
2023-07-22 17:08:18 0 [Note] InnoDB: Uses event mutexes
2023-07-22 17:08:18 0 [Note] InnoDB: Compressed tables use zlib 1.2.12
2023-07-22 17:08:18 0 [Note] InnoDB: Number of pools: 1
2023-07-22 17:08:18 0 [Note] InnoDB: Using SSE2 crc32 instructions
2023-07-22 17:08:18 0 [Note] InnoDB: Initializing buffer pool, total size = 16M, instances = 1, chunk size = 16M
2023-07-22 17:08:18 0 [Note] InnoDB: Completed initialization of buffer pool
2023-07-22 17:08:18 0 [Note] InnoDB: Starting crash recovery from checkpoint LSN=933178
2023-07-22 17:08:19 0 [Note] InnoDB: 128 out of 128 rollback segments are active.
2023-07-22 17:08:19 0 [Note] InnoDB: Removed temporary tablespace data file: "ibtmp1"
2023-07-22 17:08:19 0 [Note] InnoDB: Creating shared tablespace for temporary tables
2023-07-22 17:08:19 0 [Note] InnoDB: Setting file 'C:\xampp\mysql\data\ibtmp1' size to 12 MB. Physically writing the file full; Please wait ...
2023-07-22 17:08:19 0 [Note] InnoDB: File 'C:\xampp\mysql\data\ibtmp1' size is now 12 MB.
2023-07-22 17:08:19 0 [Note] InnoDB: Waiting for purge to start
2023-07-22 17:08:19 0 [Note] InnoDB: 10.4.27 started; log sequence number 933187; transaction id 1735
2023-07-22 17:08:19 0 [Note] Plugin 'FEEDBACK' is disabled.
2023-07-22 17:08:19 0 [Note] InnoDB: Loading buffer pool(s) from C:\xampp\mysql\data\ib_buffer_pool
2023-07-22 17:08:19 0 [Note] InnoDB: Buffer pool(s) load completed at 230722 17:08:19
2023-07-22 17:08:19 0 [Note] Server socket created on IP: '::'.
2023-07-22 18:31:27 0 [Note] InnoDB: Mutexes and rw_locks use Windows interlocked functions
2023-07-22 18:31:27 0 [Note] InnoDB: Uses event mutexes
2023-07-22 18:31:27 0 [Note] InnoDB: Compressed tables use zlib 1.2.12
2023-07-22 18:31:27 0 [Note] InnoDB: Number of pools: 1
2023-07-22 18:31:27 0 [Note] InnoDB: Using SSE2 crc32 instructions
2023-07-22 18:31:27 0 [Note] InnoDB: Initializing buffer pool, total size = 16M, instances = 1, chunk size = 16M
2023-07-22 18:31:27 0 [Note] InnoDB: Completed initialization of buffer pool
2023-07-22 18:31:27 0 [Note] InnoDB: Starting crash recovery from checkpoint LSN=933178
2023-07-22 18:31:27 0 [Note] InnoDB: 128 out of 128 rollback segments are active.
2023-07-22 18:31:27 0 [Note] InnoDB: Removed temporary tablespace data file: "ibtmp1"
2023-07-22 18:31:27 0 [Note] InnoDB: Creating shared tablespace for temporary tables
2023-07-22 18:31:27 0 [Note] InnoDB: Setting file 'C:\xampp\mysql\data\ibtmp1' size to 12 MB. Physically writing the file full; Please wait ...
2023-07-22 18:31:27 0 [Note] InnoDB: File 'C:\xampp\mysql\data\ibtmp1' size is now 12 MB.
2023-07-22 18:31:27 0 [Note] InnoDB: Waiting for purge to start
2023-07-22 18:31:27 0 [Note] InnoDB: 10.4.27 started; log sequence number 933187; transaction id 1735
2023-07-22 18:31:27 0 [Note] InnoDB: Loading buffer pool(s) from C:\xampp\mysql\data\ib_buffer_pool
2023-07-22 18:31:27 0 [Note] Plugin 'FEEDBACK' is disabled.
2023-07-22 18:31:27 0 [Note] Server socket created on IP: '::'.
2023-08-04 14:44:11 0 [Note] InnoDB: Mutexes and rw_locks use Windows interlocked functions
2023-08-04 14:44:11 0 [Note] InnoDB: Uses event mutexes
2023-08-04 14:44:11 0 [Note] InnoDB: Compressed tables use zlib 1.2.12
2023-08-04 14:44:11 0 [Note] InnoDB: Number of pools: 1
2023-08-04 14:44:11 0 [Note] InnoDB: Using SSE2 crc32 instructions
2023-08-04 14:44:11 0 [Note] InnoDB: Initializing buffer pool, total size = 16M, instances = 1, chunk size = 16M
2023-08-04 14:44:11 0 [Note] InnoDB: Completed initialization of buffer pool
2023-08-04 14:44:11 0 [Note] InnoDB: Starting crash recovery from checkpoint LSN=933196
2023-08-04 14:44:12 0 [Note] InnoDB: 128 out of 128 rollback segments are active.
2023-08-04 14:44:12 0 [Note] InnoDB: Removed temporary tablespace data file: "ibtmp1"
2023-08-04 14:44:12 0 [Note] InnoDB: Creating shared tablespace for temporary tables
2023-08-04 14:44:12 0 [Note] InnoDB: Setting file 'C:\xampp\mysql\data\ibtmp1' size to 12 MB. Physically writing the file full; Please wait ...
2023-08-04 14:44:12 0 [Note] InnoDB: File 'C:\xampp\mysql\data\ibtmp1' size is now 12 MB.
2023-08-04 14:44:12 0 [Note] InnoDB: Waiting for purge to start
2023-08-04 14:44:12 0 [Note] InnoDB: 10.4.27 started; log sequence number 933205; transaction id 1735
2023-08-04 14:44:12 0 [Note] Plugin 'FEEDBACK' is disabled.
2023-08-04 14:44:12 0 [Note] InnoDB: Loading buffer pool(s) from C:\xampp\mysql\data\ib_buffer_pool
2023-08-04 14:44:12 0 [Note] InnoDB: Buffer pool(s) load completed at 230804 14:44:12
2023-08-04 14:44:12 0 [Note] Server socket created on IP: '::'.
2023-08-17 13:29:06 0 [Note] InnoDB: Mutexes and rw_locks use Windows interlocked functions
2023-08-17 13:29:06 0 [Note] InnoDB: Uses event mutexes
2023-08-17 13:29:06 0 [Note] InnoDB: Compressed tables use zlib 1.2.12
2023-08-17 13:29:06 0 [Note] InnoDB: Number of pools: 1
2023-08-17 13:29:06 0 [Note] InnoDB: Using SSE2 crc32 instructions
2023-08-17 13:29:06 0 [Note] InnoDB: Initializing buffer pool, total size = 16M, instances = 1, chunk size = 16M
2023-08-17 13:29:06 0 [Note] InnoDB: Completed initialization of buffer pool
2023-08-17 13:29:06 0 [Note] InnoDB: Starting crash recovery from checkpoint LSN=943925
2023-08-17 13:29:07 0 [Note] InnoDB: 128 out of 128 rollback segments are active.
2023-08-17 13:29:07 0 [Note] InnoDB: Removed temporary tablespace data file: "ibtmp1"
2023-08-17 13:29:07 0 [Note] InnoDB: Creating shared tablespace for temporary tables
2023-08-17 13:29:07 0 [Note] InnoDB: Setting file 'C:\xampp\mysql\data\ibtmp1' size to 12 MB. Physically writing the file full; Please wait ...
2023-08-17 13:29:07 0 [Note] InnoDB: File 'C:\xampp\mysql\data\ibtmp1' size is now 12 MB.
2023-08-17 13:29:07 0 [Note] InnoDB: Waiting for purge to start
2023-08-17 13:29:07 0 [Note] InnoDB: 10.4.27 started; log sequence number 943934; transaction id 1775
2023-08-17 13:29:07 0 [Note] InnoDB: Loading buffer pool(s) from C:\xampp\mysql\data\ib_buffer_pool
2023-08-17 13:29:07 0 [Note] Plugin 'FEEDBACK' is disabled.
2023-08-17 13:29:07 0 [Note] InnoDB: Buffer pool(s) load completed at 230817 13:29:07
2023-08-17 13:29:07 0 [Note] Server socket created on IP: '::'.
2023-08-17 13:29:23 0 [Note] InnoDB: Mutexes and rw_locks use Windows interlocked functions
2023-08-17 13:29:23 0 [Note] InnoDB: Uses event mutexes
2023-08-17 13:29:23 0 [Note] InnoDB: Compressed tables use zlib 1.2.12
2023-08-17 13:29:23 0 [Note] InnoDB: Number of pools: 1
2023-08-17 13:29:23 0 [Note] InnoDB: Using SSE2 crc32 instructions
2023-08-17 13:29:23 0 [Note] InnoDB: Initializing buffer pool, total size = 16M, instances = 1, chunk size = 16M
2023-08-17 13:29:23 0 [Note] InnoDB: Completed initialization of buffer pool
2023-08-17 13:29:23 0 [Note] InnoDB: Starting crash recovery from checkpoint LSN=943925
2023-08-17 13:29:23 0 [Note] InnoDB: 128 out of 128 rollback segments are active.
2023-08-17 13:29:23 0 [Note] InnoDB: Removed temporary tablespace data file: "ibtmp1"
2023-08-17 13:29:23 0 [Note] InnoDB: Creating shared tablespace for temporary tables
2023-08-17 13:29:23 0 [Note] InnoDB: Setting file 'C:\xampp\mysql\data\ibtmp1' size to 12 MB. Physically writing the file full; Please wait ...
2023-08-17 13:29:23 0 [Note] InnoDB: File 'C:\xampp\mysql\data\ibtmp1' size is now 12 MB.
2023-08-17 13:29:23 0 [Note] InnoDB: Waiting for purge to start
2023-08-17 13:29:23 0 [Note] InnoDB: 10.4.27 started; log sequence number 943934; transaction id 1775
2023-08-17 13:29:23 0 [Note] InnoDB: Loading buffer pool(s) from C:\xampp\mysql\data\ib_buffer_pool
2023-08-17 13:29:23 0 [Note] Plugin 'FEEDBACK' is disabled.
2023-08-17 13:29:23 0 [Note] Server socket created on IP: '::'.
2023-10-16 17:20:23 0 [Note] InnoDB: Mutexes and rw_locks use Windows interlocked functions
2023-10-16 17:20:23 0 [Note] InnoDB: Uses event mutexes
2023-10-16 17:20:23 0 [Note] InnoDB: Compressed tables use zlib 1.2.12
2023-10-16 17:20:23 0 [Note] InnoDB: Number of pools: 1
2023-10-16 17:20:23 0 [Note] InnoDB: Using SSE2 crc32 instructions
2023-10-16 17:20:23 0 [Note] InnoDB: Initializing buffer pool, total size = 16M, instances = 1, chunk size = 16M
2023-10-16 17:20:23 0 [Note] InnoDB: Completed initialization of buffer pool
2023-10-16 17:20:23 0 [Note] InnoDB: Starting crash recovery from checkpoint LSN=991845
2023-10-16 17:20:23 0 [Note] InnoDB: 128 out of 128 rollback segments are active.
2023-10-16 17:20:23 0 [Note] InnoDB: Removed temporary tablespace data file: "ibtmp1"
2023-10-16 17:20:23 0 [Note] InnoDB: Creating shared tablespace for temporary tables
2023-10-16 17:20:23 0 [Note] InnoDB: Setting file 'C:\xampp\mysql\data\ibtmp1' size to 12 MB. Physically writing the file full; Please wait ...
2023-10-16 17:20:23 0 [Note] InnoDB: File 'C:\xampp\mysql\data\ibtmp1' size is now 12 MB.
2023-10-16 17:20:23 0 [Note] InnoDB: 10.4.27 started; log sequence number 991854; transaction id 1919
2023-10-16 17:20:23 0 [Note] InnoDB: Loading buffer pool(s) from C:\xampp\mysql\data\ib_buffer_pool
2023-10-16 17:20:23 0 [Note] Plugin 'FEEDBACK' is disabled.
2023-10-16 17:20:23 0 [Note] InnoDB: Buffer pool(s) load completed at 231016 17:20:23
2023-10-16 17:20:23 0 [Note] Server socket created on IP: '::'.
2023-11-06 22:29:43 0 [Note] InnoDB: Mutexes and rw_locks use Windows interlocked functions
2023-11-06 22:29:43 0 [Note] InnoDB: Uses event mutexes
2023-11-06 22:29:43 0 [Note] InnoDB: Compressed tables use zlib 1.2.12
2023-11-06 22:29:43 0 [Note] InnoDB: Number of pools: 1
2023-11-06 22:29:43 0 [Note] InnoDB: Using SSE2 crc32 instructions
2023-11-06 22:29:43 0 [Note] InnoDB: Initializing buffer pool, total size = 16M, instances = 1, chunk size = 16M
2023-11-06 22:29:43 0 [Note] InnoDB: Completed initialization of buffer pool
2023-11-06 22:29:43 0 [Note] InnoDB: Starting crash recovery from checkpoint LSN=991845
2023-11-06 22:29:44 0 [Note] InnoDB: 128 out of 128 rollback segments are active.
2023-11-06 22:29:44 0 [Note] InnoDB: Removed temporary tablespace data file: "ibtmp1"
2023-11-06 22:29:44 0 [Note] InnoDB: Creating shared tablespace for temporary tables
2023-11-06 22:29:44 0 [Note] InnoDB: Setting file 'C:\xampp\mysql\data\ibtmp1' size to 12 MB. Physically writing the file full; Please wait ...
2023-11-06 22:29:44 0 [Note] InnoDB: File 'C:\xampp\mysql\data\ibtmp1' size is now 12 MB.
2023-11-06 22:29:44 0 [Note] InnoDB: Waiting for purge to start
2023-11-06 22:29:44 0 [Note] InnoDB: 10.4.27 started; log sequence number 991854; transaction id 1919
2023-11-06 22:29:44 0 [Note] InnoDB: Loading buffer pool(s) from C:\xampp\mysql\data\ib_buffer_pool
2023-11-06 22:29:44 0 [Note] Plugin 'FEEDBACK' is disabled.
2023-11-06 22:29:44 0 [Note] InnoDB: Buffer pool(s) load completed at 231106 22:29:44
2023-11-06 22:29:44 0 [Note] Server socket created on IP: '::'.
2023-12-06 17:25:05 0 [Note] InnoDB: Mutexes and rw_locks use Windows interlocked functions
2023-12-06 17:25:05 0 [Note] InnoDB: Uses event mutexes
2023-12-06 17:25:05 0 [Note] InnoDB: Compressed tables use zlib 1.2.12
2023-12-06 17:25:05 0 [Note] InnoDB: Number of pools: 1
2023-12-06 17:25:05 0 [Note] InnoDB: Using SSE2 crc32 instructions
2023-12-06 17:25:05 0 [Note] InnoDB: Initializing buffer pool, total size = 16M, instances = 1, chunk size = 16M
2023-12-06 17:25:05 0 [Note] InnoDB: Completed initialization of buffer pool
2023-12-06 17:25:05 0 [Note] InnoDB: Starting crash recovery from checkpoint LSN=991845
2023-12-06 17:25:05 0 [Warning] InnoDB: Ignoring a doublewrite copy of page [page id: space=0, page number=250] with future log sequence number 1011007
2023-12-06 17:25:05 0 [Warning] InnoDB: Ignoring a doublewrite copy of page [page id: space=0, page number=371] with future log sequence number 1011007
2023-12-06 17:25:05 0 [Warning] InnoDB: Ignoring a doublewrite copy of page [page id: space=0, page number=249] with future log sequence number 1010963
2023-12-06 17:25:05 0 [Warning] InnoDB: Ignoring a doublewrite copy of page [page id: space=0, page number=370] with future log sequence number 1010963
2023-12-06 17:25:05 0 [Warning] InnoDB: Ignoring a doublewrite copy of page [page id: space=0, page number=248] with future log sequence number 1010919
2023-12-06 17:25:05 0 [Warning] InnoDB: Ignoring a doublewrite copy of page [page id: space=0, page number=382] with future log sequence number 1010919
2023-12-06 17:25:05 0 [Warning] InnoDB: Ignoring a doublewrite copy of page [page id: space=0, page number=247] with future log sequence number 1010875
2023-12-06 17:25:05 0 [Warning] InnoDB: Ignoring a doublewrite copy of page [page id: space=0, page number=426] with future log sequence number 1010875
2023-12-06 17:25:05 0 [Warning] InnoDB: Ignoring a doublewrite copy of page [page id: space=0, page number=246] with future log sequence number 1010831
2023-12-06 17:25:05 0 [Warning] InnoDB: Ignoring a doublewrite copy of page [page id: space=0, page number=381] with future log sequence number 1010831
2023-12-06 17:25:05 0 [Warning] InnoDB: Ignoring a doublewrite copy of page [page id: space=0, page number=245] with future log sequence number 1010787
2023-12-06 17:25:05 0 [Warning] InnoDB: Ignoring a doublewrite copy of page [page id: space=0, page number=380] with future log sequence number 1010787
2023-12-06 17:25:05 0 [Warning] InnoDB: Ignoring a doublewrite copy of page [page id: space=0, page number=244] with future log sequence number 1010743
2023-12-06 17:25:05 0 [Warning] InnoDB: Ignoring a doublewrite copy of page [page id: space=0, page number=379] with future log sequence number 1010743
2023-12-06 17:25:05 0 [Warning] InnoDB: Ignoring a doublewrite copy of page [page id: space=0, page number=242] with future log sequence number 1010683
2023-12-06 17:25:05 0 [Warning] InnoDB: Ignoring a doublewrite copy of page [page id: space=0, page number=378] with future log sequence number 1010683
2023-12-06 17:25:05 0 [Warning] InnoDB: Ignoring a doublewrite copy of page [page id: space=0, page number=241] with future log sequence number 1010639
2023-12-06 17:25:05 0 [Warning] InnoDB: Ignoring a doublewrite copy of page [page id: space=0, page number=377] with future log sequence number 1010639
2023-12-06 17:25:05 0 [Warning] InnoDB: Ignoring a doublewrite copy of page [page id: space=0, page number=240] with future log sequence number 1010595
2023-12-06 17:25:05 0 [Warning] InnoDB: Ignoring a doublewrite copy of page [page id: space=0, page number=369] with future log sequence number 1010595
2023-12-06 17:25:05 0 [Warning] InnoDB: Ignoring a doublewrite copy of page [page id: space=0, page number=239] with future log sequence number 1010551
2023-12-06 17:25:05 0 [Warning] InnoDB: Ignoring a doublewrite copy of page [page id: space=0, page number=376] with future log sequence number 1010551
2023-12-06 17:25:05 0 [Warning] InnoDB: Ignoring a doublewrite copy of page [page id: space=0, page number=238] with future log sequence number 1010507
2023-12-06 17:25:05 0 [Warning] InnoDB: Ignoring a doublewrite copy of page [page id: space=0, page number=375] with future log sequence number 1010507
2023-12-06 17:25:05 0 [Warning] InnoDB: Ignoring a doublewrite copy of page [page id: space=0, page number=237] with future log sequence number 1010463
2023-12-06 17:25:05 0 [Warning] InnoDB: Ignoring a doublewrite copy of page [page id: space=0, page number=394] with future log sequence number 1010463
2023-12-06 17:25:05 0 [Warning] InnoDB: Ignoring a doublewrite copy of page [page id: space=0, page number=236] with future log sequence number 1010419
2023-12-06 17:25:05 0 [Warning] InnoDB: Ignoring a doublewrite copy of page [page id: space=0, page number=374] with future log sequence number 1010419
2023-12-06 17:25:05 0 [Warning] InnoDB: Ignoring a doublewrite copy of page [page id: space=0, page number=235] with future log sequence number 1010375
2023-12-06 17:25:05 0 [Warning] InnoDB: Ignoring a doublewrite copy of page [page id: space=0, page number=393] with future log sequence number 1010375
2023-12-06 17:25:05 0 [Warning] InnoDB: Ignoring a doublewrite copy of page [page id: space=0, page number=234] with future log sequence number 1010331
2023-12-06 17:25:05 0 [Warning] InnoDB: Ignoring a doublewrite copy of page [page id: space=0, page number=392] with future log sequence number 1010331
2023-12-06 17:25:05 0 [Warning] InnoDB: Ignoring a doublewrite copy of page [page id: space=0, page number=233] with future log sequence number 1010287
2023-12-06 17:25:05 0 [Warning] InnoDB: Ignoring a doublewrite copy of page [page id: space=0, page number=391] with future log sequence number 1010287
2023-12-06 17:25:05 0 [Warning] InnoDB: Ignoring a doublewrite copy of page [page id: space=0, page number=232] with future log sequence number 1010243
2023-12-06 17:25:05 0 [Warning] InnoDB: Ignoring a doublewrite copy of page [page id: space=0, page number=373] with future log sequence number 1010243
2023-12-06 17:25:05 0 [Warning] InnoDB: Ignoring a doublewrite copy of page [page id: space=0, page number=231] with future log sequence number 1010199
2023-12-06 17:25:05 0 [Warning] InnoDB: Ignoring a doublewrite copy of page [page id: space=0, page number=368] with future log sequence number 1010199
2023-12-06 17:25:05 0 [Warning] InnoDB: Ignoring a doublewrite copy of page [page id: space=0, page number=206] with future log sequence number 1010139
2023-12-06 17:25:05 0 [Warning] InnoDB: Ignoring a doublewrite copy of page [page id: space=0, page number=343] with future log sequence number 1010139
2023-12-06 17:25:05 0 [Warning] InnoDB: Ignoring a doublewrite copy of page [page id: space=0, page number=205] with future log sequence number 1010095
2023-12-06 17:25:05 0 [Warning] InnoDB: Ignoring a doublewrite copy of page [page id: space=0, page number=342] with future log sequence number 1010095
2023-12-06 17:25:05 0 [Warning] InnoDB: Ignoring a doublewrite copy of page [page id: space=0, page number=204] with future log sequence number 1010051
2023-12-06 17:25:05 0 [Warning] InnoDB: Ignoring a doublewrite copy of page [page id: space=0, page number=341] with future log sequence number 1010051
2023-12-06 17:25:05 0 [Warning] InnoDB: Ignoring a doublewrite copy of page [page id: space=0, page number=203] with future log sequence number 1010007
2023-12-06 17:25:05 0 [Warning] InnoDB: Ignoring a doublewrite copy of page [page id: space=0, page number=340] with future log sequence number 1010007
2023-12-06 17:25:05 0 [Warning] InnoDB: Ignoring a doublewrite copy of page [page id: space=0, page number=201] with future log sequence number 1009963
2023-12-06 17:25:05 0 [Warning] InnoDB: Ignoring a doublewrite copy of page [page id: space=0, page number=338] with future log sequence number 1009963
2023-12-06 17:25:05 0 [Warning] InnoDB: Ignoring a doublewrite copy of page [page id: space=0, page number=199] with future log sequence number 1009919
2023-12-06 17:25:05 0 [Warning] InnoDB: Ignoring a doublewrite copy of page [page id: space=0, page number=336] with future log sequence number 1009919
2023-12-06 17:25:05 0 [Warning] InnoDB: Ignoring a doublewrite copy of page [page id: space=0, page number=198] with future log sequence number 1009875
2023-12-06 17:25:05 0 [Warning] InnoDB: Ignoring a doublewrite copy of page [page id: space=0, page number=335] with future log sequence number 1009875
2023-12-06 17:25:05 0 [Warning] InnoDB: Ignoring a doublewrite copy of page [page id: space=0, page number=197] with future log sequence number 1009831
2023-12-06 17:25:05 0 [Warning] InnoDB: Ignoring a doublewrite copy of page [page id: space=0, page number=334] with future log sequence number 1009831
2023-12-06 17:25:05 0 [Warning] InnoDB: Ignoring a doublewrite copy of page [page id: space=0, page number=196] with future log sequence number 1009787
2023-12-06 17:25:05 0 [Warning] InnoDB: Ignoring a doublewrite copy of page [page id: space=0, page number=333] with future log sequence number 1009787
2023-12-06 17:25:05 0 [Warning] InnoDB: Ignoring a doublewrite copy of page [page id: space=0, page number=195] with future log sequence number 1009743
2023-12-06 17:25:05 0 [Warning] InnoDB: Ignoring a doublewrite copy of page [page id: space=0, page number=332] with future log sequence number 1009743
2023-12-06 17:25:05 0 [Warning] InnoDB: Ignoring a doublewrite copy of page [page id: space=0, page number=193] with future log sequence number 1009699
2023-12-06 17:25:05 0 [Warning] InnoDB: Ignoring a doublewrite copy of page [page id: space=0, page number=330] with future log sequence number 1009699
2023-12-06 17:25:05 0 [Warning] InnoDB: Ignoring a doublewrite copy of page [page id: space=0, page number=192] with future log sequence number 1009639
2023-12-06 17:25:05 0 [Warning] InnoDB: Ignoring a doublewrite copy of page [page id: space=0, page number=329] with future log sequence number 1009639
2023-12-06 17:25:05 0 [Warning] InnoDB: Ignoring a doublewrite copy of page [page id: space=0, page number=63] with future log sequence number 1009595
2023-12-06 17:25:05 0 [Warning] InnoDB: Ignoring a doublewrite copy of page [page id: space=0, page number=328] with future log sequence number 1009595
2023-12-06 17:25:05 0 [Warning] InnoDB: Ignoring a doublewrite copy of page [page id: space=0, page number=62] with future log sequence number 1009556
2023-12-06 17:25:05 0 [Warning] InnoDB: Ignoring a doublewrite copy of page [page id: space=0, page number=327] with future log sequence number 1009556
2023-12-06 17:25:05 0 [Warning] InnoDB: Ignoring a doublewrite copy of page [page id: space=0, page number=60] with future log sequence number 1009517
2023-12-06 17:25:05 0 [Warning] InnoDB: Ignoring a doublewrite copy of page [page id: space=0, page number=325] with future log sequence number 1009517
2023-12-06 17:25:05 0 [Warning] InnoDB: Ignoring a doublewrite copy of page [page id: space=0, page number=59] with future log sequence number 1009478
2023-12-06 17:25:05 0 [Warning] InnoDB: Ignoring a doublewrite copy of page [page id: space=0, page number=324] with future log sequence number 1009478
2023-12-06 17:25:05 0 [Warning] InnoDB: Ignoring a doublewrite copy of page [page id: space=0, page number=58] with future log sequence number 1009439
2023-12-06 17:25:05 0 [Warning] InnoDB: Ignoring a doublewrite copy of page [page id: space=0, page number=323] with future log sequence number 1009439
2023-12-06 17:25:05 0 [Warning] InnoDB: Ignoring a doublewrite copy of page [page id: space=0, page number=56] with future log sequence number 1009400
2023-12-06 17:25:05 0 [Warning] InnoDB: Ignoring a doublewrite copy of page [page id: space=0, page number=320] with future log sequence number 1009400
2023-12-06 17:25:05 0 [Warning] InnoDB: Ignoring a doublewrite copy of page [page id: space=0, page number=54] with future log sequence number 1009361
2023-12-06 17:25:05 0 [Warning] InnoDB: Ignoring a doublewrite copy of page [page id: space=0, page number=318] with future log sequence number 1009361
2023-12-06 17:25:05 0 [Warning] InnoDB: Ignoring a doublewrite copy of page [page id: space=0, page number=53] with future log sequence number 1009322
2023-12-06 17:25:05 0 [Warning] InnoDB: Ignoring a doublewrite copy of page [page id: space=0, page number=210] with future log sequence number 1012989
2023-12-06 17:25:05 0 [Warning] InnoDB: Ignoring a doublewrite copy of page [page id: space=2, page number=4] with future log sequence number 1013069
2023-12-06 17:25:05 0 [Warning] InnoDB: Ignoring a doublewrite copy of page [page id: space=0, page number=347] with future log sequence number 1012989
2023-12-06 17:25:05 0 [Warning] InnoDB: Ignoring a doublewrite copy of page [page id: space=0, page number=209] with future log sequence number 1011899
2023-12-06 17:25:05 0 [Warning] InnoDB: Ignoring a doublewrite copy of page [page id: space=1, page number=3] with future log sequence number 1013009
2023-12-06 17:25:05 0 [Warning] InnoDB: Ignoring a doublewrite copy of page [page id: space=0, page number=346] with future log sequence number 1011899
2023-12-06 17:25:05 0 [Warning] InnoDB: Ignoring a doublewrite copy of page [page id: space=0, page number=208] with future log sequence number 1011506
2023-12-06 17:25:05 0 [Warning] InnoDB: Ignoring a doublewrite copy of page [page id: space=34, page number=3] with future log sequence number 1011529
2023-12-06 17:25:05 0 [Warning] InnoDB: Ignoring a doublewrite copy of page [page id: space=0, page number=345] with future log sequence number 1011506
2023-12-06 17:25:05 0 [ERROR] InnoDB: Page [page id: space=0, page number=47] log sequence number 1009166 is in the future! Current system log sequence number 991863.
2023-12-06 17:25:05 0 [ERROR] InnoDB: Your database may be corrupt or you may have copied the InnoDB tablespace but not the InnoDB log files. Please refer to https://mariadb.com/kb/en/library/innodb-recovery-modes/ for information about forcing recovery.
2023-12-06 17:25:05 0 [ERROR] InnoDB: Page [page id: space=0, page number=311] log sequence number 1009166 is in the future! Current system log sequence number 991863.
2023-12-06 17:25:05 0 [ERROR] InnoDB: Your database may be corrupt or you may have copied the InnoDB tablespace but not the InnoDB log files. Please refer to https://mariadb.com/kb/en/library/innodb-recovery-modes/ for information about forcing recovery.
2023-12-06 17:25:05 0 [ERROR] InnoDB: Page [page id: space=0, page number=49] log sequence number 1009205 is in the future! Current system log sequence number 991863.
2023-12-06 17:25:05 0 [ERROR] InnoDB: Your database may be corrupt or you may have copied the InnoDB tablespace but not the InnoDB log files. Please refer to https://mariadb.com/kb/en/library/innodb-recovery-modes/ for information about forcing recovery.
2023-12-06 17:25:05 0 [ERROR] InnoDB: Page [page id: space=0, page number=313] log sequence number 1009205 is in the future! Current system log sequence number 991863.
2023-12-06 17:25:05 0 [ERROR] InnoDB: Your database may be corrupt or you may have copied the InnoDB tablespace but not the InnoDB log files. Please refer to https://mariadb.com/kb/en/library/innodb-recovery-modes/ for information about forcing recovery.
2023-12-06 17:25:05 0 [ERROR] InnoDB: Page [page id: space=0, page number=51] log sequence number 1009244 is in the future! Current system log sequence number 991863.
2023-12-06 17:25:05 0 [ERROR] InnoDB: Your database may be corrupt or you may have copied the InnoDB tablespace but not the InnoDB log files. Please refer to https://mariadb.com/kb/en/library/innodb-recovery-modes/ for information about forcing recovery.
2023-12-06 17:25:05 0 [ERROR] InnoDB: Page [page id: space=0, page number=315] log sequence number 1009244 is in the future! Current system log sequence number 991863.
2023-12-06 17:25:05 0 [ERROR] InnoDB: Your database may be corrupt or you may have copied the InnoDB tablespace but not the InnoDB log files. Please refer to https://mariadb.com/kb/en/library/innodb-recovery-modes/ for information about forcing recovery.
2023-12-06 17:25:05 0 [ERROR] InnoDB: Page [page id: space=0, page number=52] log sequence number 1009283 is in the future! Current system log sequence number 991863.
2023-12-06 17:25:05 0 [ERROR] InnoDB: Your database may be corrupt or you may have copied the InnoDB tablespace but not the InnoDB log files. Please refer to https://mariadb.com/kb/en/library/innodb-recovery-modes/ for information about forcing recovery.
2023-12-06 17:25:05 0 [ERROR] InnoDB: Page [page id: space=0, page number=316] log sequence number 1009283 is in the future! Current system log sequence number 991863.
2023-12-06 17:25:05 0 [ERROR] InnoDB: Your database may be corrupt or you may have copied the InnoDB tablespace but not the InnoDB log files. Please refer to https://mariadb.com/kb/en/library/innodb-recovery-modes/ for information about forcing recovery.
2023-12-06 17:25:05 0 [ERROR] InnoDB: Page [page id: space=0, page number=53] log sequence number 1009322 is in the future! Current system log sequence number 991863.
2023-12-06 17:25:05 0 [ERROR] InnoDB: Your database may be corrupt or you may have copied the InnoDB tablespace but not the InnoDB log files. Please refer to https://mariadb.com/kb/en/library/innodb-recovery-modes/ for information about forcing recovery.
2023-12-06 17:25:05 0 [ERROR] InnoDB: Page [page id: space=0, page number=317] log sequence number 1009322 is in the future! Current system log sequence number 991863.
2023-12-06 17:25:05 0 [ERROR] InnoDB: Your database may be corrupt or you may have copied the InnoDB tablespace but not the InnoDB log files. Please refer to https://mariadb.com/kb/en/library/innodb-recovery-modes/ for information about forcing recovery.
2023-12-06 17:25:05 0 [ERROR] InnoDB: Page [page id: space=0, page number=54] log sequence number 1009361 is in the future! Current system log sequence number 991863.
2023-12-06 17:25:05 0 [ERROR] InnoDB: Your database may be corrupt or you may have copied the InnoDB tablespace but not the InnoDB log files. Please refer to https://mariadb.com/kb/en/library/innodb-recovery-modes/ for information about forcing recovery.
2023-12-06 17:25:05 0 [ERROR] InnoDB: Page [page id: space=0, page number=318] log sequence number 1009361 is in the future! Current system log sequence number 991863.
2023-12-06 17:25:05 0 [ERROR] InnoDB: Your database may be corrupt or you may have copied the InnoDB tablespace but not the InnoDB log files. Please refer to https://mariadb.com/kb/en/library/innodb-recovery-modes/ for information about forcing recovery.
2023-12-06 17:25:05 0 [ERROR] InnoDB: Page [page id: space=0, page number=56] log sequence number 1009400 is in the future! Current system log sequence number 991863.
2023-12-06 17:25:05 0 [ERROR] InnoDB: Your database may be corrupt or you may have copied the InnoDB tablespace but not the InnoDB log files. Please refer to https://mariadb.com/kb/en/library/innodb-recovery-modes/ for information about forcing recovery.
2023-12-06 17:25:05 0 [ERROR] InnoDB: Page [page id: space=0, page number=320] log sequence number 1009400 is in the future! Current system log sequence number 991863.
2023-12-06 17:25:05 0 [ERROR] InnoDB: Your database may be corrupt or you may have copied the InnoDB tablespace but not the InnoDB log files. Please refer to https://mariadb.com/kb/en/library/innodb-recovery-modes/ for information about forcing recovery.
2023-12-06 17:25:05 0 [ERROR] InnoDB: Page [page id: space=0, page number=58] log sequence number 1009439 is in the future! Current system log sequence number 991863.
2023-12-06 17:25:05 0 [ERROR] InnoDB: Your database may be corrupt or you may have copied the InnoDB tablespace but not the InnoDB log files. Please refer to https://mariadb.com/kb/en/library/innodb-recovery-modes/ for information about forcing recovery.
2023-12-06 17:25:05 0 [ERROR] InnoDB: Page [page id: space=0, page number=323] log sequence number 1009439 is in the future! Current system log sequence number 991863.
2023-12-06 17:25:05 0 [ERROR] InnoDB: Your database may be corrupt or you may have copied the InnoDB tablespace but not the InnoDB log files. Please refer to https://mariadb.com/kb/en/library/innodb-recovery-modes/ for information about forcing recovery.
2023-12-06 17:25:05 0 [ERROR] InnoDB: Page [page id: space=0, page number=59] log sequence number 1009478 is in the future! Current system log sequence number 991863.
2023-12-06 17:25:05 0 [ERROR] InnoDB: Your database may be corrupt or you may have copied the InnoDB tablespace but not the InnoDB log files. Please refer to https://mariadb.com/kb/en/library/innodb-recovery-modes/ for information about forcing recovery.
2023-12-06 17:25:05 0 [ERROR] InnoDB: Page [page id: space=0, page number=324] log sequence number 1009478 is in the future! Current system log sequence number 991863.
2023-12-06 17:25:05 0 [ERROR] InnoDB: Your database may be corrupt or you may have copied the InnoDB tablespace but not the InnoDB log files. Please refer to https://mariadb.com/kb/en/library/innodb-recovery-modes/ for information about forcing recovery.
2023-12-06 17:25:05 0 [ERROR] InnoDB: Page [page id: space=0, page number=60] log sequence number 1009517 is in the future! Current system log sequence number 991863.
2023-12-06 17:25:05 0 [ERROR] InnoDB: Your database may be corrupt or you may have copied the InnoDB tablespace but not the InnoDB log files. Please refer to https://mariadb.com/kb/en/library/innodb-recovery-modes/ for information about forcing recovery.
2023-12-06 17:25:05 0 [ERROR] InnoDB: Page [page id: space=0, page number=325] log sequence number 1009517 is in the future! Current system log sequence number 991863.
2023-12-06 17:25:05 0 [ERROR] InnoDB: Your database may be corrupt or you may have copied the InnoDB tablespace but not the InnoDB log files. Please refer to https://mariadb.com/kb/en/library/innodb-recovery-modes/ for information about forcing recovery.
2023-12-06 17:25:05 0 [ERROR] InnoDB: Page [page id: space=0, page number=62] log sequence number 1009556 is in the future! Current system log sequence number 991863.
2023-12-06 17:25:05 0 [ERROR] InnoDB: Your database may be corrupt or you may have copied the InnoDB tablespace but not the InnoDB log files. Please refer to https://mariadb.com/kb/en/library/innodb-recovery-modes/ for information about forcing recovery.
2023-12-06 17:25:05 0 [ERROR] InnoDB: Page [page id: space=0, page number=327] log sequence number 1009556 is in the future! Current system log sequence number 991863.
2023-12-06 17:25:05 0 [ERROR] InnoDB: Your database may be corrupt or you may have copied the InnoDB tablespace but not the InnoDB log files. Please refer to https://mariadb.com/kb/en/library/innodb-recovery-modes/ for information about forcing recovery.
2023-12-06 17:25:05 0 [ERROR] InnoDB: Page [page id: space=0, page number=63] log sequence number 1009595 is in the future! Current system log sequence number 991863.
2023-12-06 17:25:05 0 [ERROR] InnoDB: Your database may be corrupt or you may have copied the InnoDB tablespace but not the InnoDB log files. Please refer to https://mariadb.com/kb/en/library/innodb-recovery-modes/ for information about forcing recovery.
2023-12-06 17:25:05 0 [ERROR] InnoDB: Page [page id: space=0, page number=328] log sequence number 1009595 is in the future! Current system log sequence number 991863.
2023-12-06 17:25:05 0 [ERROR] InnoDB: Your database may be corrupt or you may have copied the InnoDB tablespace but not the InnoDB log files. Please refer to https://mariadb.com/kb/en/library/innodb-recovery-modes/ for information about forcing recovery.
2023-12-06 17:25:05 0 [ERROR] InnoDB: Page [page id: space=0, page number=192] log sequence number 1009639 is in the future! Current system log sequence number 991863.
2023-12-06 17:25:05 0 [ERROR] InnoDB: Your database may be corrupt or you may have copied the InnoDB tablespace but not the InnoDB log files. Please refer to https://mariadb.com/kb/en/library/innodb-recovery-modes/ for information about forcing recovery.
2023-12-06 17:25:05 0 [ERROR] InnoDB: Page [page id: space=0, page number=329] log sequence number 1009639 is in the future! Current system log sequence number 991863.
2023-12-06 17:25:05 0 [ERROR] InnoDB: Your database may be corrupt or you may have copied the InnoDB tablespace but not the InnoDB log files. Please refer to https://mariadb.com/kb/en/library/innodb-recovery-modes/ for information about forcing recovery.
2023-12-06 17:25:05 0 [ERROR] InnoDB: Page [page id: space=0, page number=193] log sequence number 1009699 is in the future! Current system log sequence number 991863.
2023-12-06 17:25:05 0 [ERROR] InnoDB: Your database may be corrupt or you may have copied the InnoDB tablespace but not the InnoDB log files. Please refer to https://mariadb.com/kb/en/library/innodb-recovery-modes/ for information about forcing recovery.
2023-12-06 17:25:05 0 [ERROR] InnoDB: Page [page id: space=0, page number=330] log sequence number 1009699 is in the future! Current system log sequence number 991863.
2023-12-06 17:25:05 0 [ERROR] InnoDB: Your database may be corrupt or you may have copied the InnoDB tablespace but not the InnoDB log files. Please refer to https://mariadb.com/kb/en/library/innodb-recovery-modes/ for information about forcing recovery.
2023-12-06 17:25:05 0 [ERROR] InnoDB: Page [page id: space=0, page number=195] log sequence number 1009743 is in the future! Current system log sequence number 991863.
2023-12-06 17:25:05 0 [ERROR] InnoDB: Your database may be corrupt or you may have copied the InnoDB tablespace but not the InnoDB log files. Please refer to https://mariadb.com/kb/en/library/innodb-recovery-modes/ for information about forcing recovery.
2023-12-06 17:25:05 0 [ERROR] InnoDB: Page [page id: space=0, page number=332] log sequence number 1009743 is in the future! Current system log sequence number 991863.
2023-12-06 17:25:05 0 [ERROR] InnoDB: Your database may be corrupt or you may have copied the InnoDB tablespace but not the InnoDB log files. Please refer to https://mariadb.com/kb/en/library/innodb-recovery-modes/ for information about forcing recovery.
2023-12-06 17:25:05 0 [ERROR] InnoDB: Page [page id: space=0, page number=196] log sequence number 1009787 is in the future! Current system log sequence number 991863.
2023-12-06 17:25:05 0 [ERROR] InnoDB: Your database may be corrupt or you may have copied the InnoDB tablespace but not the InnoDB log files. Please refer to https://mariadb.com/kb/en/library/innodb-recovery-modes/ for information about forcing recovery.
2023-12-06 17:25:05 0 [ERROR] InnoDB: Page [page id: space=0, page number=333] log sequence number 1009787 is in the future! Current system log sequence number 991863.
2023-12-06 17:25:05 0 [ERROR] InnoDB: Your database may be corrupt or you may have copied the InnoDB tablespace but not the InnoDB log files. Please refer to https://mariadb.com/kb/en/library/innodb-recovery-modes/ for information about forcing recovery.
2023-12-06 17:25:05 0 [ERROR] InnoDB: Page [page id: space=0, page number=197] log sequence number 1009831 is in the future! Current system log sequence number 991863.
2023-12-06 17:25:05 0 [ERROR] InnoDB: Your database may be corrupt or you may have copied the InnoDB tablespace but not the InnoDB log files. Please refer to https://mariadb.com/kb/en/library/innodb-recovery-modes/ for information about forcing recovery.
2023-12-06 17:25:05 0 [ERROR] InnoDB: Page [page id: space=0, page number=334] log sequence number 1009831 is in the future! Current system log sequence number 991863.
2023-12-06 17:25:05 0 [ERROR] InnoDB: Your database may be corrupt or you may have copied the InnoDB tablespace but not the InnoDB log files. Please refer to https://mariadb.com/kb/en/library/innodb-recovery-modes/ for information about forcing recovery.
2023-12-06 17:25:05 0 [ERROR] InnoDB: Page [page id: space=0, page number=198] log sequence number 1009875 is in the future! Current system log sequence number 991863.
2023-12-06 17:25:05 0 [ERROR] InnoDB: Your database may be corrupt or you may have copied the InnoDB tablespace but not the InnoDB log files. Please refer to https://mariadb.com/kb/en/library/innodb-recovery-modes/ for information about forcing recovery.
2023-12-06 17:25:05 0 [ERROR] InnoDB: Page [page id: space=0, page number=335] log sequence number 1009875 is in the future! Current system log sequence number 991863.
2023-12-06 17:25:05 0 [ERROR] InnoDB: Your database may be corrupt or you may have copied the InnoDB tablespace but not the InnoDB log files. Please refer to https://mariadb.com/kb/en/library/innodb-recovery-modes/ for information about forcing recovery.
2023-12-06 17:25:05 0 [ERROR] InnoDB: Page [page id: space=0, page number=199] log sequence number 1009919 is in the future! Current system log sequence number 991863.
2023-12-06 17:25:05 0 [ERROR] InnoDB: Your database may be corrupt or you may have copied the InnoDB tablespace but not the InnoDB log files. Please refer to https://mariadb.com/kb/en/library/innodb-recovery-modes/ for information about forcing recovery.
2023-12-06 17:25:05 0 [ERROR] InnoDB: Page [page id: space=0, page number=336] log sequence number 1009919 is in the future! Current system log sequence number 991863.
2023-12-06 17:25:05 0 [ERROR] InnoDB: Your database may be corrupt or you may have copied the InnoDB tablespace but not the InnoDB log files. Please refer to https://mariadb.com/kb/en/library/innodb-recovery-modes/ for information about forcing recovery.
2023-12-06 17:25:05 0 [ERROR] InnoDB: Page [page id: space=0, page number=201] log sequence number 1009963 is in the future! Current system log sequence number 991863.
2023-12-06 17:25:05 0 [ERROR] InnoDB: Your database may be corrupt or you may have copied the InnoDB tablespace but not the InnoDB log files. Please refer to https://mariadb.com/kb/en/library/innodb-recovery-modes/ for information about forcing recovery.
2023-12-06 17:25:05 0 [ERROR] InnoDB: Page [page id: space=0, page number=338] log sequence number 1009963 is in the future! Current system log sequence number 991863.
2023-12-06 17:25:05 0 [ERROR] InnoDB: Your database may be corrupt or you may have copied the InnoDB tablespace but not the InnoDB log files. Please refer to https://mariadb.com/kb/en/library/innodb-recovery-modes/ for information about forcing recovery.
2023-12-06 17:25:05 0 [ERROR] InnoDB: Page [page id: space=0, page number=203] log sequence number 1010007 is in the future! Current system log sequence number 991863.
2023-12-06 17:25:05 0 [ERROR] InnoDB: Your database may be corrupt or you may have copied the InnoDB tablespace but not the InnoDB log files. Please refer to https://mariadb.com/kb/en/library/innodb-recovery-modes/ for information about forcing recovery.
2023-12-06 17:25:05 0 [ERROR] InnoDB: Page [page id: space=0, page number=340] log sequence number 1010007 is in the future! Current system log sequence number 991863.
2023-12-06 17:25:05 0 [ERROR] InnoDB: Your database may be corrupt or you may have copied the InnoDB tablespace but not the InnoDB log files. Please refer to https://mariadb.com/kb/en/library/innodb-recovery-modes/ for information about forcing recovery.
2023-12-06 17:25:05 0 [ERROR] InnoDB: Page [page id: space=0, page number=204] log sequence number 1010051 is in the future! Current system log sequence number 991863.
2023-12-06 17:25:05 0 [ERROR] InnoDB: Your database may be corrupt or you may have copied the InnoDB tablespace but not the InnoDB log files. Please refer to https://mariadb.com/kb/en/library/innodb-recovery-modes/ for information about forcing recovery.
2023-12-06 17:25:05 0 [ERROR] InnoDB: Page [page id: space=0, page number=341] log sequence number 1010051 is in the future! Current system log sequence number 991863.
2023-12-06 17:25:05 0 [ERROR] InnoDB: Your database may be corrupt or you may have copied the InnoDB tablespace but not the InnoDB log files. Please refer to https://mariadb.com/kb/en/library/innodb-recovery-modes/ for information about forcing recovery.
2023-12-06 17:25:05 0 [ERROR] InnoDB: Page [page id: space=0, page number=205] log sequence number 1010095 is in the future! Current system log sequence number 991863.
2023-12-06 17:25:05 0 [ERROR] InnoDB: Your database may be corrupt or you may have copied the InnoDB tablespace but not the InnoDB log files. Please refer to https://mariadb.com/kb/en/library/innodb-recovery-modes/ for information about forcing recovery.
2023-12-06 17:25:05 0 [ERROR] InnoDB: Page [page id: space=0, page number=342] log sequence number 1010095 is in the future! Current system log sequence number 991863.
2023-12-06 17:25:05 0 [ERROR] InnoDB: Your database may be corrupt or you may have copied the InnoDB tablespace but not the InnoDB log files. Please refer to https://mariadb.com/kb/en/library/innodb-recovery-modes/ for information about forcing recovery.
2023-12-06 17:25:05 0 [ERROR] InnoDB: Page [page id: space=0, page number=206] log sequence number 1010139 is in the future! Current system log sequence number 991863.
2023-12-06 17:25:05 0 [ERROR] InnoDB: Your database may be corrupt or you may have copied the InnoDB tablespace but not the InnoDB log files. Please refer to https://mariadb.com/kb/en/library/innodb-recovery-modes/ for information about forcing recovery.
2023-12-06 17:25:05 0 [ERROR] InnoDB: Page [page id: space=0, page number=343] log sequence number 1010139 is in the future! Current system log sequence number 991863.
2023-12-06 17:25:05 0 [ERROR] InnoDB: Your database may be corrupt or you may have copied the InnoDB tablespace but not the InnoDB log files. Please refer to https://mariadb.com/kb/en/library/innodb-recovery-modes/ for information about forcing recovery.
2023-12-06 17:25:05 0 [ERROR] InnoDB: Page [page id: space=0, page number=207] log sequence number 1011280 is in the future! Current system log sequence number 991863.
2023-12-06 17:25:05 0 [ERROR] InnoDB: Your database may be corrupt or you may have copied the InnoDB tablespace but not the InnoDB log files. Please refer to https://mariadb.com/kb/en/library/innodb-recovery-modes/ for information about forcing recovery.
2023-12-06 17:25:05 0 [ERROR] InnoDB: Page [page id: space=0, page number=344] log sequence number 1011280 is in the future! Current system log sequence number 991863.
2023-12-06 17:25:05 0 [ERROR] InnoDB: Your database may be corrupt or you may have copied the InnoDB tablespace but not the InnoDB log files. Please refer to https://mariadb.com/kb/en/library/innodb-recovery-modes/ for information about forcing recovery.
2023-12-06 17:25:05 0 [ERROR] InnoDB: Page [page id: space=0, page number=208] log sequence number 1011506 is in the future! Current system log sequence number 991863.
2023-12-06 17:25:05 0 [ERROR] InnoDB: Your database may be corrupt or you may have copied the InnoDB tablespace but not the InnoDB log files. Please refer to https://mariadb.com/kb/en/library/innodb-recovery-modes/ for information about forcing recovery.
2023-12-06 17:25:05 0 [ERROR] InnoDB: Page [page id: space=0, page number=345] log sequence number 1011506 is in the future! Current system log sequence number 991863.
2023-12-06 17:25:05 0 [ERROR] InnoDB: Your database may be corrupt or you may have copied the InnoDB tablespace but not the InnoDB log files. Please refer to https://mariadb.com/kb/en/library/innodb-recovery-modes/ for information about forcing recovery.
2023-12-06 17:25:05 0 [ERROR] InnoDB: Page [page id: space=0, page number=209] log sequence number 1011899 is in the future! Current system log sequence number 991863.
2023-12-06 17:25:05 0 [ERROR] InnoDB: Your database may be corrupt or you may have copied the InnoDB tablespace but not the InnoDB log files. Please refer to https://mariadb.com/kb/en/library/innodb-recovery-modes/ for information about forcing recovery.
2023-12-06 17:25:05 0 [ERROR] InnoDB: Page [page id: space=0, page number=346] log sequence number 1011899 is in the future! Current system log sequence number 991863.
2023-12-06 17:25:05 0 [ERROR] InnoDB: Your database may be corrupt or you may have copied the InnoDB tablespace but not the InnoDB log files. Please refer to https://mariadb.com/kb/en/library/innodb-recovery-modes/ for information about forcing recovery.
2023-12-06 17:25:05 0 [ERROR] InnoDB: Page [page id: space=0, page number=210] log sequence number 1012989 is in the future! Current system log sequence number 991863.
2023-12-06 17:25:05 0 [ERROR] InnoDB: Your database may be corrupt or you may have copied the InnoDB tablespace but not the InnoDB log files. Please refer to https://mariadb.com/kb/en/library/innodb-recovery-modes/ for information about forcing recovery.
2023-12-06 17:25:05 0 [ERROR] InnoDB: Page [page id: space=0, page number=347] log sequence number 1012989 is in the future! Current system log sequence number 991863.
2023-12-06 17:25:05 0 [ERROR] InnoDB: Your database may be corrupt or you may have copied the InnoDB tablespace but not the InnoDB log files. Please refer to https://mariadb.com/kb/en/library/innodb-recovery-modes/ for information about forcing recovery.
2023-12-06 17:25:05 0 [ERROR] InnoDB: Page [page id: space=0, page number=231] log sequence number 1010199 is in the future! Current system log sequence number 991863.
2023-12-06 17:25:05 0 [ERROR] InnoDB: Your database may be corrupt or you may have copied the InnoDB tablespace but not the InnoDB log files. Please refer to https://mariadb.com/kb/en/library/innodb-recovery-modes/ for information about forcing recovery.
2023-12-06 17:25:05 0 [ERROR] InnoDB: Page [page id: space=0, page number=368] log sequence number 1010199 is in the future! Current system log sequence number 991863.
2023-12-06 17:25:05 0 [ERROR] InnoDB: Your database may be corrupt or you may have copied the InnoDB tablespace but not the InnoDB log files. Please refer to https://mariadb.com/kb/en/library/innodb-recovery-modes/ for information about forcing recovery.
2023-12-06 17:25:05 0 [ERROR] InnoDB: Page [page id: space=0, page number=232] log sequence number 1010243 is in the future! Current system log sequence number 991863.
2023-12-06 17:25:05 0 [ERROR] InnoDB: Your database may be corrupt or you may have copied the InnoDB tablespace but not the InnoDB log files. Please refer to https://mariadb.com/kb/en/library/innodb-recovery-modes/ for information about forcing recovery.
2023-12-06 17:25:05 0 [ERROR] InnoDB: Page [page id: space=0, page number=373] log sequence number 1010243 is in the future! Current system log sequence number 991863.
2023-12-06 17:25:05 0 [ERROR] InnoDB: Your database may be corrupt or you may have copied the InnoDB tablespace but not the InnoDB log files. Please refer to https://mariadb.com/kb/en/library/innodb-recovery-modes/ for information about forcing recovery.
2023-12-06 17:25:05 0 [ERROR] InnoDB: Page [page id: space=0, page number=233] log sequence number 1010287 is in the future! Current system log sequence number 991863.
2023-12-06 17:25:05 0 [ERROR] InnoDB: Your database may be corrupt or you may have copied the InnoDB tablespace but not the InnoDB log files. Please refer to https://mariadb.com/kb/en/library/innodb-recovery-modes/ for information about forcing recovery.
2023-12-06 17:25:05 0 [ERROR] InnoDB: Page [page id: space=0, page number=391] log sequence number 1010287 is in the future! Current system log sequence number 991863.
2023-12-06 17:25:05 0 [ERROR] InnoDB: Your database may be corrupt or you may have copied the InnoDB tablespace but not the InnoDB log files. Please refer to https://mariadb.com/kb/en/library/innodb-recovery-modes/ for information about forcing recovery.
2023-12-06 17:25:05 0 [ERROR] InnoDB: Page [page id: space=0, page number=234] log sequence number 1010331 is in the future! Current system log sequence number 991863.
2023-12-06 17:25:05 0 [ERROR] InnoDB: Your database may be corrupt or you may have copied the InnoDB tablespace but not the InnoDB log files. Please refer to https://mariadb.com/kb/en/library/innodb-recovery-modes/ for information about forcing recovery.
2023-12-06 17:25:05 0 [ERROR] InnoDB: Page [page id: space=0, page number=392] log sequence number 1010331 is in the future! Current system log sequence number 991863.
2023-12-06 17:25:05 0 [ERROR] InnoDB: Your database may be corrupt or you may have copied the InnoDB tablespace but not the InnoDB log files. Please refer to https://mariadb.com/kb/en/library/innodb-recovery-modes/ for information about forcing recovery.
2023-12-06 17:25:05 0 [ERROR] InnoDB: Page [page id: space=0, page number=235] log sequence number 1010375 is in the future! Current system log sequence number 991863.
2023-12-06 17:25:05 0 [ERROR] InnoDB: Your database may be corrupt or you may have copied the InnoDB tablespace but not the InnoDB log files. Please refer to https://mariadb.com/kb/en/library/innodb-recovery-modes/ for information about forcing recovery.
2023-12-06 17:25:05 0 [ERROR] InnoDB: Page [page id: space=0, page number=393] log sequence number 1010375 is in the future! Current system log sequence number 991863.
2023-12-06 17:25:05 0 [ERROR] InnoDB: Your database may be corrupt or you may have copied the InnoDB tablespace but not the InnoDB log files. Please refer to https://mariadb.com/kb/en/library/innodb-recovery-modes/ for information about forcing recovery.
2023-12-06 17:25:05 0 [ERROR] InnoDB: Page [page id: space=0, page number=236] log sequence number 1010419 is in the future! Current system log sequence number 991863.
2023-12-06 17:25:05 0 [ERROR] InnoDB: Your database may be corrupt or you may have copied the InnoDB tablespace but not the InnoDB log files. Please refer to https://mariadb.com/kb/en/library/innodb-recovery-modes/ for information about forcing recovery.
2023-12-06 17:25:05 0 [ERROR] InnoDB: Page [page id: space=0, page number=374] log sequence number 1010419 is in the future! Current system log sequence number 991863.
2023-12-06 17:25:05 0 [ERROR] InnoDB: Your database may be corrupt or you may have copied the InnoDB tablespace but not the InnoDB log files. Please refer to https://mariadb.com/kb/en/library/innodb-recovery-modes/ for information about forcing recovery.
2023-12-06 17:25:05 0 [ERROR] InnoDB: Page [page id: space=0, page number=237] log sequence number 1010463 is in the future! Current system log sequence number 991863.
2023-12-06 17:25:05 0 [ERROR] InnoDB: Your database may be corrupt or you may have copied the InnoDB tablespace but not the InnoDB log files. Please refer to https://mariadb.com/kb/en/library/innodb-recovery-modes/ for information about forcing recovery.
2023-12-06 17:25:05 0 [ERROR] InnoDB: Page [page id: space=0, page number=394] log sequence number 1010463 is in the future! Current system log sequence number 991863.
2023-12-06 17:25:05 0 [ERROR] InnoDB: Your database may be corrupt or you may have copied the InnoDB tablespace but not the InnoDB log files. Please refer to https://mariadb.com/kb/en/library/innodb-recovery-modes/ for information about forcing recovery.
2023-12-06 17:25:05 0 [ERROR] InnoDB: Page [page id: space=0, page number=238] log sequence number 1010507 is in the future! Current system log sequence number 991863.
2023-12-06 17:25:05 0 [ERROR] InnoDB: Your database may be corrupt or you may have copied the InnoDB tablespace but not the InnoDB log files. Please refer to https://mariadb.com/kb/en/library/innodb-recovery-modes/ for information about forcing recovery.
2023-12-06 17:25:05 0 [ERROR] InnoDB: Page [page id: space=0, page number=375] log sequence number 1010507 is in the future! Current system log sequence number 991863.
2023-12-06 17:25:05 0 [ERROR] InnoDB: Your database may be corrupt or you may have copied the InnoDB tablespace but not the InnoDB log files. Please refer to https://mariadb.com/kb/en/library/innodb-recovery-modes/ for information about forcing recovery.
2023-12-06 17:25:05 0 [ERROR] InnoDB: Page [page id: space=0, page number=239] log sequence number 1010551 is in the future! Current system log sequence number 991863.
2023-12-06 17:25:05 0 [ERROR] InnoDB: Your database may be corrupt or you may have copied the InnoDB tablespace but not the InnoDB log files. Please refer to https://mariadb.com/kb/en/library/innodb-recovery-modes/ for information about forcing recovery.
2023-12-06 17:25:05 0 [ERROR] InnoDB: Page [page id: space=0, page number=376] log sequence number 1010551 is in the future! Current system log sequence number 991863.
2023-12-06 17:25:05 0 [ERROR] InnoDB: Your database may be corrupt or you may have copied the InnoDB tablespace but not the InnoDB log files. Please refer to https://mariadb.com/kb/en/library/innodb-recovery-modes/ for information about forcing recovery.
2023-12-06 17:25:05 0 [ERROR] InnoDB: Page [page id: space=0, page number=240] log sequence number 1010595 is in the future! Current system log sequence number 991863.
2023-12-06 17:25:05 0 [ERROR] InnoDB: Your database may be corrupt or you may have copied the InnoDB tablespace but not the InnoDB log files. Please refer to https://mariadb.com/kb/en/library/innodb-recovery-modes/ for information about forcing recovery.
2023-12-06 17:25:05 0 [ERROR] InnoDB: Page [page id: space=0, page number=369] log sequence number 1010595 is in the future! Current system log sequence number 991863.
2023-12-06 17:25:05 0 [ERROR] InnoDB: Your database may be corrupt or you may have copied the InnoDB tablespace but not the InnoDB log files. Please refer to https://mariadb.com/kb/en/library/innodb-recovery-modes/ for information about forcing recovery.
2023-12-06 17:25:05 0 [ERROR] InnoDB: Page [page id: space=0, page number=241] log sequence number 1010639 is in the future! Current system log sequence number 991863.
2023-12-06 17:25:05 0 [ERROR] InnoDB: Your database may be corrupt or you may have copied the InnoDB tablespace but not the InnoDB log files. Please refer to https://mariadb.com/kb/en/library/innodb-recovery-modes/ for information about forcing recovery.
2023-12-06 17:25:05 0 [ERROR] InnoDB: Page [page id: space=0, page number=377] log sequence number 1010639 is in the future! Current system log sequence number 991863.
2023-12-06 17:25:05 0 [ERROR] InnoDB: Your database may be corrupt or you may have copied the InnoDB tablespace but not the InnoDB log files. Please refer to https://mariadb.com/kb/en/library/innodb-recovery-modes/ for information about forcing recovery.
2023-12-06 17:25:05 0 [ERROR] InnoDB: Page [page id: space=0, page number=242] log sequence number 1010683 is in the future! Current system log sequence number 991863.
2023-12-06 17:25:05 0 [ERROR] InnoDB: Your database may be corrupt or you may have copied the InnoDB tablespace but not the InnoDB log files. Please refer to https://mariadb.com/kb/en/library/innodb-recovery-modes/ for information about forcing recovery.
2023-12-06 17:25:05 0 [ERROR] InnoDB: Page [page id: space=0, page number=378] log sequence number 1010683 is in the future! Current system log sequence number 991863.
2023-12-06 17:25:05 0 [ERROR] InnoDB: Your database may be corrupt or you may have copied the InnoDB tablespace but not the InnoDB log files. Please refer to https://mariadb.com/kb/en/library/innodb-recovery-modes/ for information about forcing recovery.
2023-12-06 17:25:05 0 [ERROR] InnoDB: Page [page id: space=0, page number=244] log sequence number 1010743 is in the future! Current system log sequence number 991863.
2023-12-06 17:25:05 0 [ERROR] InnoDB: Your database may be corrupt or you may have copied the InnoDB tablespace but not the InnoDB log files. Please refer to https://mariadb.com/kb/en/library/innodb-recovery-modes/ for information about forcing recovery.
2023-12-06 17:25:05 0 [ERROR] InnoDB: Page [page id: space=0, page number=379] log sequence number 1010743 is in the future! Current system log sequence number 991863.
2023-12-06 17:25:05 0 [ERROR] InnoDB: Your database may be corrupt or you may have copied the InnoDB tablespace but not the InnoDB log files. Please refer to https://mariadb.com/kb/en/library/innodb-recovery-modes/ for information about forcing recovery.
2023-12-06 17:25:05 0 [ERROR] InnoDB: Page [page id: space=0, page number=245] log sequence number 1010787 is in the future! Current system log sequence number 991863.
2023-12-06 17:25:05 0 [ERROR] InnoDB: Your database may be corrupt or you may have copied the InnoDB tablespace but not the InnoDB log files. Please refer to https://mariadb.com/kb/en/library/innodb-recovery-modes/ for information about forcing recovery.
2023-12-06 17:25:05 0 [ERROR] InnoDB: Page [page id: space=0, page number=380] log sequence number 1010787 is in the future! Current system log sequence number 991863.
2023-12-06 17:25:05 0 [ERROR] InnoDB: Your database may be corrupt or you may have copied the InnoDB tablespace but not the InnoDB log files. Please refer to https://mariadb.com/kb/en/library/innodb-recovery-modes/ for information about forcing recovery.
2023-12-06 17:25:05 0 [ERROR] InnoDB: Page [page id: space=0, page number=246] log sequence number 1010831 is in the future! Current system log sequence number 991863.
2023-12-06 17:25:05 0 [ERROR] InnoDB: Your database may be corrupt or you may have copied the InnoDB tablespace but not the InnoDB log files. Please refer to https://mariadb.com/kb/en/library/innodb-recovery-modes/ for information about forcing recovery.
2023-12-06 17:25:05 0 [ERROR] InnoDB: Page [page id: space=0, page number=381] log sequence number 1010831 is in the future! Current system log sequence number 991863.
2023-12-06 17:25:05 0 [ERROR] InnoDB: Your database may be corrupt or you may have copied the InnoDB tablespace but not the InnoDB log files. Please refer to https://mariadb.com/kb/en/library/innodb-recovery-modes/ for information about forcing recovery.
2023-12-06 17:25:05 0 [ERROR] InnoDB: Page [page id: space=0, page number=247] log sequence number 1010875 is in the future! Current system log sequence number 991863.
2023-12-06 17:25:05 0 [ERROR] InnoDB: Your database may be corrupt or you may have copied the InnoDB tablespace but not the InnoDB log files. Please refer to https://mariadb.com/kb/en/library/innodb-recovery-modes/ for information about forcing recovery.
2023-12-06 17:25:05 0 [ERROR] InnoDB: Page [page id: space=0, page number=426] log sequence number 1010875 is in the future! Current system log sequence number 991863.
2023-12-06 17:25:05 0 [ERROR] InnoDB: Your database may be corrupt or you may have copied the InnoDB tablespace but not the InnoDB log files. Please refer to https://mariadb.com/kb/en/library/innodb-recovery-modes/ for information about forcing recovery.
2023-12-06 17:25:05 0 [ERROR] InnoDB: Page [page id: space=0, page number=248] log sequence number 1010919 is in the future! Current system log sequence number 991863.
2023-12-06 17:25:05 0 [ERROR] InnoDB: Your database may be corrupt or you may have copied the InnoDB tablespace but not the InnoDB log files. Please refer to https://mariadb.com/kb/en/library/innodb-recovery-modes/ for information about forcing recovery.
2023-12-06 17:25:05 0 [ERROR] InnoDB: Page [page id: space=0, page number=382] log sequence number 1010919 is in the future! Current system log sequence number 991863.
2023-12-06 17:25:05 0 [ERROR] InnoDB: Your database may be corrupt or you may have copied the InnoDB tablespace but not the InnoDB log files. Please refer to https://mariadb.com/kb/en/library/innodb-recovery-modes/ for information about forcing recovery.
2023-12-06 17:25:05 0 [ERROR] InnoDB: Page [page id: space=0, page number=249] log sequence number 1010963 is in the future! Current system log sequence number 991863.
2023-12-06 17:25:05 0 [ERROR] InnoDB: Your database may be corrupt or you may have copied the InnoDB tablespace but not the InnoDB log files. Please refer to https://mariadb.com/kb/en/library/innodb-recovery-modes/ for information about forcing recovery.
2023-12-06 17:25:05 0 [ERROR] InnoDB: Page [page id: space=0, page number=370] log sequence number 1010963 is in the future! Current system log sequence number 991863.
2023-12-06 17:25:05 0 [ERROR] InnoDB: Your database may be corrupt or you may have copied the InnoDB tablespace but not the InnoDB log files. Please refer to https://mariadb.com/kb/en/library/innodb-recovery-modes/ for information about forcing recovery.
2023-12-06 17:25:05 0 [ERROR] InnoDB: Page [page id: space=0, page number=250] log sequence number 1011007 is in the future! Current system log sequence number 991863.
2023-12-06 17:25:05 0 [ERROR] InnoDB: Your database may be corrupt or you may have copied the InnoDB tablespace but not the InnoDB log files. Please refer to https://mariadb.com/kb/en/library/innodb-recovery-modes/ for information about forcing recovery.
2023-12-06 17:25:05 0 [ERROR] InnoDB: Page [page id: space=0, page number=371] log sequence number 1011007 is in the future! Current system log sequence number 991863.
2023-12-06 17:25:05 0 [ERROR] InnoDB: Your database may be corrupt or you may have copied the InnoDB tablespace but not the InnoDB log files. Please refer to https://mariadb.com/kb/en/library/innodb-recovery-modes/ for information about forcing recovery.
2023-12-06 17:25:05 0 [Note] InnoDB: 128 out of 128 rollback segments are active.
2023-12-06 17:25:05 0 [Note] InnoDB: Removed temporary tablespace data file: "ibtmp1"
2023-12-06 17:25:05 0 [Note] InnoDB: Creating shared tablespace for temporary tables
2023-12-06 17:25:05 0 [Note] InnoDB: Setting file 'C:\xampp\mysql\data\ibtmp1' size to 12 MB. Physically writing the file full; Please wait ...
2023-12-06 17:25:05 0 [Note] InnoDB: File 'C:\xampp\mysql\data\ibtmp1' size is now 12 MB.
2023-12-06 17:25:05 0 [Note] InnoDB: Waiting for purge to start
2023-12-06 17:25:05 1 [ERROR] InnoDB: Page [page id: space=2, page number=4] log sequence number 1013069 is in the future! Current system log sequence number 991863.
2023-12-06 17:25:05 1 [ERROR] InnoDB: Your database may be corrupt or you may have copied the InnoDB tablespace but not the InnoDB log files. Please refer to https://mariadb.com/kb/en/library/innodb-recovery-modes/ for information about forcing recovery.
2023-12-06 17:25:05 1 [ERROR] InnoDB: Page [page id: space=1, page number=3] log sequence number 1013009 is in the future! Current system log sequence number 991863.
2023-12-06 17:25:05 1 [ERROR] InnoDB: Your database may be corrupt or you may have copied the InnoDB tablespace but not the InnoDB log files. Please refer to https://mariadb.com/kb/en/library/innodb-recovery-modes/ for information about forcing recovery.
2023-12-06 17:25:05 3 [ERROR] InnoDB: Page [page id: space=34, page number=3] log sequence number 1011529 is in the future! Current system log sequence number 991863.
2023-12-06 17:25:05 3 [ERROR] InnoDB: Your database may be corrupt or you may have copied the InnoDB tablespace but not the InnoDB log files. Please refer to https://mariadb.com/kb/en/library/innodb-recovery-modes/ for information about forcing recovery.
2023-12-06 17:25:05 2 [ERROR] InnoDB: Page [page id: space=57, page number=3] log sequence number 1011300 is in the future! Current system log sequence number 991863.
2023-12-06 17:25:05 2 [ERROR] InnoDB: Your database may be corrupt or you may have copied the InnoDB tablespace but not the InnoDB log files. Please refer to https://mariadb.com/kb/en/library/innodb-recovery-modes/ for information about forcing recovery.
2023-12-06 17:25:05 0 [Note] InnoDB: 10.4.27 started; log sequence number 991854; transaction id 1986
2023-12-06 17:25:05 0 [Note] Plugin 'FEEDBACK' is disabled.
2023-12-06 17:25:05 0 [Note] InnoDB: Loading buffer pool(s) from C:\xampp\mysql\data\ib_buffer_pool
2023-12-06 17:25:05 0 [Note] InnoDB: Buffer pool(s) load completed at 231206 17:25:05
2023-12-06 17:25:05 0 [Note] Server socket created on IP: '::'.
